/*C138*/SET SCHEMA PUBLIC
SET SCHEMA PUBLIC
/*C139*/SET SCHEMA PUBLIC
SET SCHEMA PUBLIC
/*C138*/DELETE FROM LINEA_FACTURA WHERE NUMERO_FACTURA=1 AND ANY_FACTURA=2006 AND NUMERO_LINEA=1
DELETE FROM LINEA_FACTURA WHERE NUMERO_FACTURA=1 AND ANY_FACTURA=2007 AND NUMERO_LINEA=1
DELETE FROM LINEA_FACTURA WHERE NUMERO_FACTURA=1 AND ANY_FACTURA=2008 AND NUMERO_LINEA=1
DELETE FROM LINEA_FACTURA WHERE NUMERO_FACTURA=1 AND ANY_FACTURA=2009 AND NUMERO_LINEA=1
DELETE FROM LINEA_FACTURA WHERE NUMERO_FACTURA=1 AND ANY_FACTURA=2010 AND NUMERO_LINEA=1
DELETE FROM LINEA_FACTURA WHERE NUMERO_FACTURA=2 AND ANY_FACTURA=2006 AND NUMERO_LINEA=1
DELETE FROM LINEA_FACTURA WHERE NUMERO_FACTURA=2 AND ANY_FACTURA=2007 AND NUMERO_LINEA=1
DELETE FROM LINEA_FACTURA WHERE NUMERO_FACTURA=2 AND ANY_FACTURA=2008 AND NUMERO_LINEA=1
DELETE FROM LINEA_FACTURA WHERE NUMERO_FACTURA=2 AND ANY_FACTURA=2009 AND NUMERO_LINEA=1
DELETE FROM LINEA_FACTURA WHERE NUMERO_FACTURA=2 AND ANY_FACTURA=2010 AND NUMERO_LINEA=1
DELETE FROM LINEA_FACTURA WHERE NUMERO_FACTURA=3 AND ANY_FACTURA=2006 AND NUMERO_LINEA=1
DELETE FROM LINEA_FACTURA WHERE NUMERO_FACTURA=3 AND ANY_FACTURA=2006 AND NUMERO_LINEA=2
DELETE FROM LINEA_FACTURA WHERE NUMERO_FACTURA=3 AND ANY_FACTURA=2006 AND NUMERO_LINEA=3
DELETE FROM LINEA_FACTURA WHERE NUMERO_FACTURA=3 AND ANY_FACTURA=2006 AND NUMERO_LINEA=4
DELETE FROM LINEA_FACTURA WHERE NUMERO_FACTURA=3 AND ANY_FACTURA=2007 AND NUMERO_LINEA=1
DELETE FROM LINEA_FACTURA WHERE NUMERO_FACTURA=3 AND ANY_FACTURA=2008 AND NUMERO_LINEA=1
DELETE FROM LINEA_FACTURA WHERE NUMERO_FACTURA=3 AND ANY_FACTURA=2009 AND NUMERO_LINEA=1
DELETE FROM LINEA_FACTURA WHERE NUMERO_FACTURA=3 AND ANY_FACTURA=2010 AND NUMERO_LINEA=1
DELETE FROM LINEA_FACTURA WHERE NUMERO_FACTURA=4 AND ANY_FACTURA=2006 AND NUMERO_LINEA=1
DELETE FROM LINEA_FACTURA WHERE NUMERO_FACTURA=4 AND ANY_FACTURA=2006 AND NUMERO_LINEA=2
DELETE FROM LINEA_FACTURA WHERE NUMERO_FACTURA=4 AND ANY_FACTURA=2006 AND NUMERO_LINEA=3
DELETE FROM LINEA_FACTURA WHERE NUMERO_FACTURA=4 AND ANY_FACTURA=2006 AND NUMERO_LINEA=4
DELETE FROM LINEA_FACTURA WHERE NUMERO_FACTURA=4 AND ANY_FACTURA=2007 AND NUMERO_LINEA=1
DELETE FROM LINEA_FACTURA WHERE NUMERO_FACTURA=4 AND ANY_FACTURA=2008 AND NUMERO_LINEA=1
DELETE FROM LINEA_FACTURA WHERE NUMERO_FACTURA=4 AND ANY_FACTURA=2008 AND NUMERO_LINEA=2
DELETE FROM LINEA_FACTURA WHERE NUMERO_FACTURA=4 AND ANY_FACTURA=2008 AND NUMERO_LINEA=3
DELETE FROM LINEA_FACTURA WHERE NUMERO_FACTURA=4 AND ANY_FACTURA=2008 AND NUMERO_LINEA=4
DELETE FROM LINEA_FACTURA WHERE NUMERO_FACTURA=4 AND ANY_FACTURA=2008 AND NUMERO_LINEA=5
DELETE FROM LINEA_FACTURA WHERE NUMERO_FACTURA=4 AND ANY_FACTURA=2008 AND NUMERO_LINEA=6
DELETE FROM LINEA_FACTURA WHERE NUMERO_FACTURA=4 AND ANY_FACTURA=2008 AND NUMERO_LINEA=7
DELETE FROM LINEA_FACTURA WHERE NUMERO_FACTURA=4 AND ANY_FACTURA=2008 AND NUMERO_LINEA=8
DELETE FROM LINEA_FACTURA WHERE NUMERO_FACTURA=4 AND ANY_FACTURA=2009 AND NUMERO_LINEA=1
DELETE FROM LINEA_FACTURA WHERE NUMERO_FACTURA=4 AND ANY_FACTURA=2010 AND NUMERO_LINEA=1
DELETE FROM LINEA_FACTURA WHERE NUMERO_FACTURA=5 AND ANY_FACTURA=2006 AND NUMERO_LINEA=1
DELETE FROM LINEA_FACTURA WHERE NUMERO_FACTURA=5 AND ANY_FACTURA=2007 AND NUMERO_LINEA=1
DELETE FROM LINEA_FACTURA WHERE NUMERO_FACTURA=5 AND ANY_FACTURA=2008 AND NUMERO_LINEA=1
DELETE FROM LINEA_FACTURA WHERE NUMERO_FACTURA=5 AND ANY_FACTURA=2009 AND NUMERO_LINEA=1
DELETE FROM LINEA_FACTURA WHERE NUMERO_FACTURA=5 AND ANY_FACTURA=2010 AND NUMERO_LINEA=1
DELETE FROM LINEA_FACTURA WHERE NUMERO_FACTURA=6 AND ANY_FACTURA=2006 AND NUMERO_LINEA=1
DELETE FROM LINEA_FACTURA WHERE NUMERO_FACTURA=6 AND ANY_FACTURA=2007 AND NUMERO_LINEA=1
DELETE FROM LINEA_FACTURA WHERE NUMERO_FACTURA=6 AND ANY_FACTURA=2007 AND NUMERO_LINEA=2
DELETE FROM LINEA_FACTURA WHERE NUMERO_FACTURA=6 AND ANY_FACTURA=2007 AND NUMERO_LINEA=3
DELETE FROM LINEA_FACTURA WHERE NUMERO_FACTURA=6 AND ANY_FACTURA=2007 AND NUMERO_LINEA=4
DELETE FROM LINEA_FACTURA WHERE NUMERO_FACTURA=6 AND ANY_FACTURA=2007 AND NUMERO_LINEA=5
DELETE FROM LINEA_FACTURA WHERE NUMERO_FACTURA=6 AND ANY_FACTURA=2007 AND NUMERO_LINEA=6
DELETE FROM LINEA_FACTURA WHERE NUMERO_FACTURA=6 AND ANY_FACTURA=2007 AND NUMERO_LINEA=7
DELETE FROM LINEA_FACTURA WHERE NUMERO_FACTURA=6 AND ANY_FACTURA=2007 AND NUMERO_LINEA=8
DELETE FROM LINEA_FACTURA WHERE NUMERO_FACTURA=6 AND ANY_FACTURA=2008 AND NUMERO_LINEA=1
DELETE FROM LINEA_FACTURA WHERE NUMERO_FACTURA=6 AND ANY_FACTURA=2009 AND NUMERO_LINEA=1
DELETE FROM LINEA_FACTURA WHERE NUMERO_FACTURA=6 AND ANY_FACTURA=2010 AND NUMERO_LINEA=1
DELETE FROM LINEA_FACTURA WHERE NUMERO_FACTURA=7 AND ANY_FACTURA=2006 AND NUMERO_LINEA=1
DELETE FROM LINEA_FACTURA WHERE NUMERO_FACTURA=7 AND ANY_FACTURA=2006 AND NUMERO_LINEA=2
DELETE FROM LINEA_FACTURA WHERE NUMERO_FACTURA=7 AND ANY_FACTURA=2006 AND NUMERO_LINEA=3
DELETE FROM LINEA_FACTURA WHERE NUMERO_FACTURA=7 AND ANY_FACTURA=2006 AND NUMERO_LINEA=4
DELETE FROM LINEA_FACTURA WHERE NUMERO_FACTURA=7 AND ANY_FACTURA=2006 AND NUMERO_LINEA=5
DELETE FROM LINEA_FACTURA WHERE NUMERO_FACTURA=7 AND ANY_FACTURA=2006 AND NUMERO_LINEA=6
DELETE FROM LINEA_FACTURA WHERE NUMERO_FACTURA=7 AND ANY_FACTURA=2007 AND NUMERO_LINEA=1
DELETE FROM LINEA_FACTURA WHERE NUMERO_FACTURA=7 AND ANY_FACTURA=2008 AND NUMERO_LINEA=1
DELETE FROM LINEA_FACTURA WHERE NUMERO_FACTURA=7 AND ANY_FACTURA=2009 AND NUMERO_LINEA=1
DELETE FROM LINEA_FACTURA WHERE NUMERO_FACTURA=7 AND ANY_FACTURA=2010 AND NUMERO_LINEA=1
DELETE FROM LINEA_FACTURA WHERE NUMERO_FACTURA=8 AND ANY_FACTURA=2006 AND NUMERO_LINEA=1
DELETE FROM LINEA_FACTURA WHERE NUMERO_FACTURA=8 AND ANY_FACTURA=2007 AND NUMERO_LINEA=1
DELETE FROM LINEA_FACTURA WHERE NUMERO_FACTURA=8 AND ANY_FACTURA=2008 AND NUMERO_LINEA=1
DELETE FROM LINEA_FACTURA WHERE NUMERO_FACTURA=8 AND ANY_FACTURA=2009 AND NUMERO_LINEA=1
DELETE FROM LINEA_FACTURA WHERE NUMERO_FACTURA=8 AND ANY_FACTURA=2010 AND NUMERO_LINEA=1
DELETE FROM LINEA_FACTURA WHERE NUMERO_FACTURA=8 AND ANY_FACTURA=2010 AND NUMERO_LINEA=2
DELETE FROM LINEA_FACTURA WHERE NUMERO_FACTURA=8 AND ANY_FACTURA=2010 AND NUMERO_LINEA=3
DELETE FROM LINEA_FACTURA WHERE NUMERO_FACTURA=8 AND ANY_FACTURA=2010 AND NUMERO_LINEA=4
DELETE FROM LINEA_FACTURA WHERE NUMERO_FACTURA=9 AND ANY_FACTURA=2006 AND NUMERO_LINEA=1
DELETE FROM LINEA_FACTURA WHERE NUMERO_FACTURA=9 AND ANY_FACTURA=2007 AND NUMERO_LINEA=1
DELETE FROM LINEA_FACTURA WHERE NUMERO_FACTURA=9 AND ANY_FACTURA=2007 AND NUMERO_LINEA=2
DELETE FROM LINEA_FACTURA WHERE NUMERO_FACTURA=9 AND ANY_FACTURA=2007 AND NUMERO_LINEA=3
DELETE FROM LINEA_FACTURA WHERE NUMERO_FACTURA=9 AND ANY_FACTURA=2007 AND NUMERO_LINEA=4
DELETE FROM LINEA_FACTURA WHERE NUMERO_FACTURA=9 AND ANY_FACTURA=2007 AND NUMERO_LINEA=5
DELETE FROM LINEA_FACTURA WHERE NUMERO_FACTURA=9 AND ANY_FACTURA=2008 AND NUMERO_LINEA=1
DELETE FROM LINEA_FACTURA WHERE NUMERO_FACTURA=9 AND ANY_FACTURA=2009 AND NUMERO_LINEA=1
DELETE FROM LINEA_FACTURA WHERE NUMERO_FACTURA=9 AND ANY_FACTURA=2010 AND NUMERO_LINEA=1
DELETE FROM LINEA_FACTURA WHERE NUMERO_FACTURA=9 AND ANY_FACTURA=2010 AND NUMERO_LINEA=2
DELETE FROM LINEA_FACTURA WHERE NUMERO_FACTURA=9 AND ANY_FACTURA=2010 AND NUMERO_LINEA=3
DELETE FROM LINEA_FACTURA WHERE NUMERO_FACTURA=9 AND ANY_FACTURA=2010 AND NUMERO_LINEA=4
DELETE FROM LINEA_FACTURA WHERE NUMERO_FACTURA=10 AND ANY_FACTURA=2006 AND NUMERO_LINEA=1
DELETE FROM LINEA_FACTURA WHERE NUMERO_FACTURA=10 AND ANY_FACTURA=2007 AND NUMERO_LINEA=1
DELETE FROM LINEA_FACTURA WHERE NUMERO_FACTURA=10 AND ANY_FACTURA=2008 AND NUMERO_LINEA=1
DELETE FROM LINEA_FACTURA WHERE NUMERO_FACTURA=10 AND ANY_FACTURA=2008 AND NUMERO_LINEA=2
DELETE FROM LINEA_FACTURA WHERE NUMERO_FACTURA=10 AND ANY_FACTURA=2008 AND NUMERO_LINEA=3
DELETE FROM LINEA_FACTURA WHERE NUMERO_FACTURA=10 AND ANY_FACTURA=2008 AND NUMERO_LINEA=4
DELETE FROM LINEA_FACTURA WHERE NUMERO_FACTURA=10 AND ANY_FACTURA=2008 AND NUMERO_LINEA=5
DELETE FROM LINEA_FACTURA WHERE NUMERO_FACTURA=10 AND ANY_FACTURA=2008 AND NUMERO_LINEA=6
DELETE FROM LINEA_FACTURA WHERE NUMERO_FACTURA=10 AND ANY_FACTURA=2008 AND NUMERO_LINEA=7
DELETE FROM LINEA_FACTURA WHERE NUMERO_FACTURA=10 AND ANY_FACTURA=2008 AND NUMERO_LINEA=8
DELETE FROM LINEA_FACTURA WHERE NUMERO_FACTURA=10 AND ANY_FACTURA=2009 AND NUMERO_LINEA=1
DELETE FROM LINEA_FACTURA WHERE NUMERO_FACTURA=10 AND ANY_FACTURA=2010 AND NUMERO_LINEA=1
DELETE FROM LINEA_FACTURA WHERE NUMERO_FACTURA=11 AND ANY_FACTURA=2006 AND NUMERO_LINEA=1
DELETE FROM LINEA_FACTURA WHERE NUMERO_FACTURA=11 AND ANY_FACTURA=2007 AND NUMERO_LINEA=1
DELETE FROM LINEA_FACTURA WHERE NUMERO_FACTURA=11 AND ANY_FACTURA=2007 AND NUMERO_LINEA=2
DELETE FROM LINEA_FACTURA WHERE NUMERO_FACTURA=11 AND ANY_FACTURA=2007 AND NUMERO_LINEA=3
DELETE FROM LINEA_FACTURA WHERE NUMERO_FACTURA=11 AND ANY_FACTURA=2007 AND NUMERO_LINEA=4
DELETE FROM LINEA_FACTURA WHERE NUMERO_FACTURA=11 AND ANY_FACTURA=2007 AND NUMERO_LINEA=5
DELETE FROM LINEA_FACTURA WHERE NUMERO_FACTURA=11 AND ANY_FACTURA=2007 AND NUMERO_LINEA=6
DELETE FROM LINEA_FACTURA WHERE NUMERO_FACTURA=11 AND ANY_FACTURA=2007 AND NUMERO_LINEA=7
DELETE FROM LINEA_FACTURA WHERE NUMERO_FACTURA=11 AND ANY_FACTURA=2007 AND NUMERO_LINEA=8
DELETE FROM LINEA_FACTURA WHERE NUMERO_FACTURA=11 AND ANY_FACTURA=2008 AND NUMERO_LINEA=1
DELETE FROM LINEA_FACTURA WHERE NUMERO_FACTURA=11 AND ANY_FACTURA=2009 AND NUMERO_LINEA=1
DELETE FROM LINEA_FACTURA WHERE NUMERO_FACTURA=11 AND ANY_FACTURA=2009 AND NUMERO_LINEA=2
DELETE FROM LINEA_FACTURA WHERE NUMERO_FACTURA=11 AND ANY_FACTURA=2009 AND NUMERO_LINEA=3
DELETE FROM LINEA_FACTURA WHERE NUMERO_FACTURA=11 AND ANY_FACTURA=2009 AND NUMERO_LINEA=4
DELETE FROM LINEA_FACTURA WHERE NUMERO_FACTURA=11 AND ANY_FACTURA=2009 AND NUMERO_LINEA=5
DELETE FROM LINEA_FACTURA WHERE NUMERO_FACTURA=11 AND ANY_FACTURA=2009 AND NUMERO_LINEA=6
DELETE FROM LINEA_FACTURA WHERE NUMERO_FACTURA=11 AND ANY_FACTURA=2009 AND NUMERO_LINEA=7
DELETE FROM LINEA_FACTURA WHERE NUMERO_FACTURA=11 AND ANY_FACTURA=2009 AND NUMERO_LINEA=8
DELETE FROM LINEA_FACTURA WHERE NUMERO_FACTURA=11 AND ANY_FACTURA=2009 AND NUMERO_LINEA=9
DELETE FROM LINEA_FACTURA WHERE NUMERO_FACTURA=11 AND ANY_FACTURA=2010 AND NUMERO_LINEA=1
DELETE FROM LINEA_FACTURA WHERE NUMERO_FACTURA=11 AND ANY_FACTURA=2010 AND NUMERO_LINEA=2
DELETE FROM LINEA_FACTURA WHERE NUMERO_FACTURA=11 AND ANY_FACTURA=2010 AND NUMERO_LINEA=3
DELETE FROM LINEA_FACTURA WHERE NUMERO_FACTURA=11 AND ANY_FACTURA=2010 AND NUMERO_LINEA=4
DELETE FROM LINEA_FACTURA WHERE NUMERO_FACTURA=11 AND ANY_FACTURA=2010 AND NUMERO_LINEA=5
DELETE FROM LINEA_FACTURA WHERE NUMERO_FACTURA=11 AND ANY_FACTURA=2010 AND NUMERO_LINEA=6
DELETE FROM LINEA_FACTURA WHERE NUMERO_FACTURA=11 AND ANY_FACTURA=2010 AND NUMERO_LINEA=7
DELETE FROM LINEA_FACTURA WHERE NUMERO_FACTURA=11 AND ANY_FACTURA=2010 AND NUMERO_LINEA=8
DELETE FROM LINEA_FACTURA WHERE NUMERO_FACTURA=11 AND ANY_FACTURA=2010 AND NUMERO_LINEA=9
DELETE FROM LINEA_FACTURA WHERE NUMERO_FACTURA=12 AND ANY_FACTURA=2006 AND NUMERO_LINEA=1
DELETE FROM LINEA_FACTURA WHERE NUMERO_FACTURA=12 AND ANY_FACTURA=2007 AND NUMERO_LINEA=1
DELETE FROM LINEA_FACTURA WHERE NUMERO_FACTURA=12 AND ANY_FACTURA=2008 AND NUMERO_LINEA=1
DELETE FROM LINEA_FACTURA WHERE NUMERO_FACTURA=12 AND ANY_FACTURA=2009 AND NUMERO_LINEA=1
DELETE FROM LINEA_FACTURA WHERE NUMERO_FACTURA=12 AND ANY_FACTURA=2010 AND NUMERO_LINEA=1
DELETE FROM LINEA_FACTURA WHERE NUMERO_FACTURA=13 AND ANY_FACTURA=2006 AND NUMERO_LINEA=1
DELETE FROM LINEA_FACTURA WHERE NUMERO_FACTURA=13 AND ANY_FACTURA=2007 AND NUMERO_LINEA=1
DELETE FROM LINEA_FACTURA WHERE NUMERO_FACTURA=13 AND ANY_FACTURA=2008 AND NUMERO_LINEA=1
DELETE FROM LINEA_FACTURA WHERE NUMERO_FACTURA=13 AND ANY_FACTURA=2009 AND NUMERO_LINEA=1
DELETE FROM LINEA_FACTURA WHERE NUMERO_FACTURA=13 AND ANY_FACTURA=2010 AND NUMERO_LINEA=1
DELETE FROM LINEA_FACTURA WHERE NUMERO_FACTURA=14 AND ANY_FACTURA=2006 AND NUMERO_LINEA=1
DELETE FROM LINEA_FACTURA WHERE NUMERO_FACTURA=14 AND ANY_FACTURA=2007 AND NUMERO_LINEA=1
DELETE FROM LINEA_FACTURA WHERE NUMERO_FACTURA=14 AND ANY_FACTURA=2007 AND NUMERO_LINEA=2
DELETE FROM LINEA_FACTURA WHERE NUMERO_FACTURA=14 AND ANY_FACTURA=2007 AND NUMERO_LINEA=3
DELETE FROM LINEA_FACTURA WHERE NUMERO_FACTURA=14 AND ANY_FACTURA=2007 AND NUMERO_LINEA=4
DELETE FROM LINEA_FACTURA WHERE NUMERO_FACTURA=14 AND ANY_FACTURA=2007 AND NUMERO_LINEA=5
DELETE FROM LINEA_FACTURA WHERE NUMERO_FACTURA=14 AND ANY_FACTURA=2008 AND NUMERO_LINEA=1
DELETE FROM LINEA_FACTURA WHERE NUMERO_FACTURA=14 AND ANY_FACTURA=2009 AND NUMERO_LINEA=1
DELETE FROM LINEA_FACTURA WHERE NUMERO_FACTURA=14 AND ANY_FACTURA=2010 AND NUMERO_LINEA=1
DELETE FROM LINEA_FACTURA WHERE NUMERO_FACTURA=15 AND ANY_FACTURA=2006 AND NUMERO_LINEA=1
DELETE FROM LINEA_FACTURA WHERE NUMERO_FACTURA=15 AND ANY_FACTURA=2007 AND NUMERO_LINEA=1
DELETE FROM LINEA_FACTURA WHERE NUMERO_FACTURA=15 AND ANY_FACTURA=2007 AND NUMERO_LINEA=2
DELETE FROM LINEA_FACTURA WHERE NUMERO_FACTURA=15 AND ANY_FACTURA=2007 AND NUMERO_LINEA=3
DELETE FROM LINEA_FACTURA WHERE NUMERO_FACTURA=15 AND ANY_FACTURA=2007 AND NUMERO_LINEA=4
DELETE FROM LINEA_FACTURA WHERE NUMERO_FACTURA=15 AND ANY_FACTURA=2007 AND NUMERO_LINEA=5
DELETE FROM LINEA_FACTURA WHERE NUMERO_FACTURA=15 AND ANY_FACTURA=2007 AND NUMERO_LINEA=6
DELETE FROM LINEA_FACTURA WHERE NUMERO_FACTURA=15 AND ANY_FACTURA=2007 AND NUMERO_LINEA=7
DELETE FROM LINEA_FACTURA WHERE NUMERO_FACTURA=15 AND ANY_FACTURA=2008 AND NUMERO_LINEA=1
DELETE FROM LINEA_FACTURA WHERE NUMERO_FACTURA=15 AND ANY_FACTURA=2009 AND NUMERO_LINEA=1
DELETE FROM LINEA_FACTURA WHERE NUMERO_FACTURA=15 AND ANY_FACTURA=2010 AND NUMERO_LINEA=1
DELETE FROM LINEA_FACTURA WHERE NUMERO_FACTURA=16 AND ANY_FACTURA=2007 AND NUMERO_LINEA=1
DELETE FROM LINEA_FACTURA WHERE NUMERO_FACTURA=16 AND ANY_FACTURA=2008 AND NUMERO_LINEA=1
DELETE FROM LINEA_FACTURA WHERE NUMERO_FACTURA=16 AND ANY_FACTURA=2009 AND NUMERO_LINEA=1
DELETE FROM LINEA_FACTURA WHERE NUMERO_FACTURA=16 AND ANY_FACTURA=2010 AND NUMERO_LINEA=1
DELETE FROM LINEA_FACTURA WHERE NUMERO_FACTURA=17 AND ANY_FACTURA=2007 AND NUMERO_LINEA=1
DELETE FROM LINEA_FACTURA WHERE NUMERO_FACTURA=17 AND ANY_FACTURA=2007 AND NUMERO_LINEA=2
DELETE FROM LINEA_FACTURA WHERE NUMERO_FACTURA=17 AND ANY_FACTURA=2007 AND NUMERO_LINEA=3
DELETE FROM LINEA_FACTURA WHERE NUMERO_FACTURA=17 AND ANY_FACTURA=2007 AND NUMERO_LINEA=4
DELETE FROM LINEA_FACTURA WHERE NUMERO_FACTURA=17 AND ANY_FACTURA=2007 AND NUMERO_LINEA=5
DELETE FROM LINEA_FACTURA WHERE NUMERO_FACTURA=17 AND ANY_FACTURA=2007 AND NUMERO_LINEA=6
DELETE FROM LINEA_FACTURA WHERE NUMERO_FACTURA=17 AND ANY_FACTURA=2007 AND NUMERO_LINEA=7
DELETE FROM LINEA_FACTURA WHERE NUMERO_FACTURA=17 AND ANY_FACTURA=2007 AND NUMERO_LINEA=8
DELETE FROM LINEA_FACTURA WHERE NUMERO_FACTURA=17 AND ANY_FACTURA=2008 AND NUMERO_LINEA=1
DELETE FROM LINEA_FACTURA WHERE NUMERO_FACTURA=17 AND ANY_FACTURA=2009 AND NUMERO_LINEA=1
DELETE FROM LINEA_FACTURA WHERE NUMERO_FACTURA=17 AND ANY_FACTURA=2010 AND NUMERO_LINEA=1
DELETE FROM LINEA_FACTURA WHERE NUMERO_FACTURA=18 AND ANY_FACTURA=2007 AND NUMERO_LINEA=1
DELETE FROM LINEA_FACTURA WHERE NUMERO_FACTURA=18 AND ANY_FACTURA=2008 AND NUMERO_LINEA=1
DELETE FROM LINEA_FACTURA WHERE NUMERO_FACTURA=18 AND ANY_FACTURA=2009 AND NUMERO_LINEA=1
DELETE FROM LINEA_FACTURA WHERE NUMERO_FACTURA=18 AND ANY_FACTURA=2010 AND NUMERO_LINEA=1
DELETE FROM LINEA_FACTURA WHERE NUMERO_FACTURA=19 AND ANY_FACTURA=2007 AND NUMERO_LINEA=1
DELETE FROM LINEA_FACTURA WHERE NUMERO_FACTURA=19 AND ANY_FACTURA=2008 AND NUMERO_LINEA=1
DELETE FROM LINEA_FACTURA WHERE NUMERO_FACTURA=19 AND ANY_FACTURA=2009 AND NUMERO_LINEA=1
DELETE FROM LINEA_FACTURA WHERE NUMERO_FACTURA=19 AND ANY_FACTURA=2010 AND NUMERO_LINEA=1
DELETE FROM LINEA_FACTURA WHERE NUMERO_FACTURA=20 AND ANY_FACTURA=2007 AND NUMERO_LINEA=1
DELETE FROM LINEA_FACTURA WHERE NUMERO_FACTURA=20 AND ANY_FACTURA=2007 AND NUMERO_LINEA=2
DELETE FROM LINEA_FACTURA WHERE NUMERO_FACTURA=20 AND ANY_FACTURA=2007 AND NUMERO_LINEA=3
DELETE FROM LINEA_FACTURA WHERE NUMERO_FACTURA=20 AND ANY_FACTURA=2007 AND NUMERO_LINEA=4
DELETE FROM LINEA_FACTURA WHERE NUMERO_FACTURA=20 AND ANY_FACTURA=2007 AND NUMERO_LINEA=5
DELETE FROM LINEA_FACTURA WHERE NUMERO_FACTURA=20 AND ANY_FACTURA=2007 AND NUMERO_LINEA=6
DELETE FROM LINEA_FACTURA WHERE NUMERO_FACTURA=20 AND ANY_FACTURA=2007 AND NUMERO_LINEA=7
DELETE FROM LINEA_FACTURA WHERE NUMERO_FACTURA=20 AND ANY_FACTURA=2007 AND NUMERO_LINEA=8
DELETE FROM LINEA_FACTURA WHERE NUMERO_FACTURA=20 AND ANY_FACTURA=2008 AND NUMERO_LINEA=1
DELETE FROM LINEA_FACTURA WHERE NUMERO_FACTURA=20 AND ANY_FACTURA=2009 AND NUMERO_LINEA=1
DELETE FROM LINEA_FACTURA WHERE NUMERO_FACTURA=20 AND ANY_FACTURA=2010 AND NUMERO_LINEA=1
DELETE FROM LINEA_FACTURA WHERE NUMERO_FACTURA=20 AND ANY_FACTURA=2010 AND NUMERO_LINEA=2
DELETE FROM LINEA_FACTURA WHERE NUMERO_FACTURA=20 AND ANY_FACTURA=2010 AND NUMERO_LINEA=3
DELETE FROM LINEA_FACTURA WHERE NUMERO_FACTURA=20 AND ANY_FACTURA=2010 AND NUMERO_LINEA=4
DELETE FROM LINEA_FACTURA WHERE NUMERO_FACTURA=20 AND ANY_FACTURA=2010 AND NUMERO_LINEA=5
DELETE FROM LINEA_FACTURA WHERE NUMERO_FACTURA=20 AND ANY_FACTURA=2010 AND NUMERO_LINEA=6
DELETE FROM LINEA_FACTURA WHERE NUMERO_FACTURA=20 AND ANY_FACTURA=2010 AND NUMERO_LINEA=7
DELETE FROM LINEA_FACTURA WHERE NUMERO_FACTURA=20 AND ANY_FACTURA=2010 AND NUMERO_LINEA=8
DELETE FROM LINEA_FACTURA WHERE NUMERO_FACTURA=20 AND ANY_FACTURA=2010 AND NUMERO_LINEA=9
DELETE FROM LINEA_FACTURA WHERE NUMERO_FACTURA=21 AND ANY_FACTURA=2007 AND NUMERO_LINEA=1
DELETE FROM LINEA_FACTURA WHERE NUMERO_FACTURA=21 AND ANY_FACTURA=2008 AND NUMERO_LINEA=1
DELETE FROM LINEA_FACTURA WHERE NUMERO_FACTURA=21 AND ANY_FACTURA=2008 AND NUMERO_LINEA=2
DELETE FROM LINEA_FACTURA WHERE NUMERO_FACTURA=21 AND ANY_FACTURA=2008 AND NUMERO_LINEA=3
DELETE FROM LINEA_FACTURA WHERE NUMERO_FACTURA=21 AND ANY_FACTURA=2008 AND NUMERO_LINEA=4
DELETE FROM LINEA_FACTURA WHERE NUMERO_FACTURA=21 AND ANY_FACTURA=2008 AND NUMERO_LINEA=5
DELETE FROM LINEA_FACTURA WHERE NUMERO_FACTURA=21 AND ANY_FACTURA=2008 AND NUMERO_LINEA=6
DELETE FROM LINEA_FACTURA WHERE NUMERO_FACTURA=21 AND ANY_FACTURA=2008 AND NUMERO_LINEA=7
DELETE FROM LINEA_FACTURA WHERE NUMERO_FACTURA=21 AND ANY_FACTURA=2008 AND NUMERO_LINEA=8
DELETE FROM LINEA_FACTURA WHERE NUMERO_FACTURA=21 AND ANY_FACTURA=2009 AND NUMERO_LINEA=1
DELETE FROM LINEA_FACTURA WHERE NUMERO_FACTURA=21 AND ANY_FACTURA=2010 AND NUMERO_LINEA=1
DELETE FROM LINEA_FACTURA WHERE NUMERO_FACTURA=22 AND ANY_FACTURA=2007 AND NUMERO_LINEA=1
DELETE FROM LINEA_FACTURA WHERE NUMERO_FACTURA=22 AND ANY_FACTURA=2008 AND NUMERO_LINEA=1
DELETE FROM LINEA_FACTURA WHERE NUMERO_FACTURA=22 AND ANY_FACTURA=2009 AND NUMERO_LINEA=1
DELETE FROM LINEA_FACTURA WHERE NUMERO_FACTURA=22 AND ANY_FACTURA=2009 AND NUMERO_LINEA=2
DELETE FROM LINEA_FACTURA WHERE NUMERO_FACTURA=22 AND ANY_FACTURA=2009 AND NUMERO_LINEA=3
DELETE FROM LINEA_FACTURA WHERE NUMERO_FACTURA=22 AND ANY_FACTURA=2009 AND NUMERO_LINEA=4
DELETE FROM LINEA_FACTURA WHERE NUMERO_FACTURA=22 AND ANY_FACTURA=2009 AND NUMERO_LINEA=5
DELETE FROM LINEA_FACTURA WHERE NUMERO_FACTURA=22 AND ANY_FACTURA=2009 AND NUMERO_LINEA=6
DELETE FROM LINEA_FACTURA WHERE NUMERO_FACTURA=22 AND ANY_FACTURA=2009 AND NUMERO_LINEA=7
DELETE FROM LINEA_FACTURA WHERE NUMERO_FACTURA=22 AND ANY_FACTURA=2009 AND NUMERO_LINEA=8
DELETE FROM LINEA_FACTURA WHERE NUMERO_FACTURA=22 AND ANY_FACTURA=2009 AND NUMERO_LINEA=9
DELETE FROM LINEA_FACTURA WHERE NUMERO_FACTURA=22 AND ANY_FACTURA=2010 AND NUMERO_LINEA=1
DELETE FROM LINEA_FACTURA WHERE NUMERO_FACTURA=23 AND ANY_FACTURA=2007 AND NUMERO_LINEA=1
DELETE FROM LINEA_FACTURA WHERE NUMERO_FACTURA=23 AND ANY_FACTURA=2008 AND NUMERO_LINEA=1
DELETE FROM LINEA_FACTURA WHERE NUMERO_FACTURA=23 AND ANY_FACTURA=2009 AND NUMERO_LINEA=1
DELETE FROM LINEA_FACTURA WHERE NUMERO_FACTURA=23 AND ANY_FACTURA=2010 AND NUMERO_LINEA=1
DELETE FROM LINEA_FACTURA WHERE NUMERO_FACTURA=24 AND ANY_FACTURA=2007 AND NUMERO_LINEA=1
DELETE FROM LINEA_FACTURA WHERE NUMERO_FACTURA=24 AND ANY_FACTURA=2008 AND NUMERO_LINEA=1
DELETE FROM LINEA_FACTURA WHERE NUMERO_FACTURA=24 AND ANY_FACTURA=2009 AND NUMERO_LINEA=1
DELETE FROM LINEA_FACTURA WHERE NUMERO_FACTURA=24 AND ANY_FACTURA=2010 AND NUMERO_LINEA=1
DELETE FROM LINEA_FACTURA WHERE NUMERO_FACTURA=25 AND ANY_FACTURA=2008 AND NUMERO_LINEA=1
DELETE FROM LINEA_FACTURA WHERE NUMERO_FACTURA=25 AND ANY_FACTURA=2009 AND NUMERO_LINEA=1
DELETE FROM LINEA_FACTURA WHERE NUMERO_FACTURA=25 AND ANY_FACTURA=2010 AND NUMERO_LINEA=1
DELETE FROM LINEA_FACTURA WHERE NUMERO_FACTURA=26 AND ANY_FACTURA=2008 AND NUMERO_LINEA=1
DELETE FROM LINEA_FACTURA WHERE NUMERO_FACTURA=26 AND ANY_FACTURA=2009 AND NUMERO_LINEA=1
DELETE FROM LINEA_FACTURA WHERE NUMERO_FACTURA=26 AND ANY_FACTURA=2010 AND NUMERO_LINEA=1
DELETE FROM LINEA_FACTURA WHERE NUMERO_FACTURA=27 AND ANY_FACTURA=2008 AND NUMERO_LINEA=1
DELETE FROM LINEA_FACTURA WHERE NUMERO_FACTURA=27 AND ANY_FACTURA=2009 AND NUMERO_LINEA=1
DELETE FROM LINEA_FACTURA WHERE NUMERO_FACTURA=27 AND ANY_FACTURA=2010 AND NUMERO_LINEA=1
DELETE FROM LINEA_FACTURA WHERE NUMERO_FACTURA=28 AND ANY_FACTURA=2008 AND NUMERO_LINEA=1
DELETE FROM LINEA_FACTURA WHERE NUMERO_FACTURA=28 AND ANY_FACTURA=2008 AND NUMERO_LINEA=2
DELETE FROM LINEA_FACTURA WHERE NUMERO_FACTURA=28 AND ANY_FACTURA=2008 AND NUMERO_LINEA=3
DELETE FROM LINEA_FACTURA WHERE NUMERO_FACTURA=28 AND ANY_FACTURA=2008 AND NUMERO_LINEA=4
DELETE FROM LINEA_FACTURA WHERE NUMERO_FACTURA=28 AND ANY_FACTURA=2009 AND NUMERO_LINEA=1
DELETE FROM LINEA_FACTURA WHERE NUMERO_FACTURA=28 AND ANY_FACTURA=2010 AND NUMERO_LINEA=1
DELETE FROM LINEA_FACTURA WHERE NUMERO_FACTURA=28 AND ANY_FACTURA=2010 AND NUMERO_LINEA=2
DELETE FROM LINEA_FACTURA WHERE NUMERO_FACTURA=28 AND ANY_FACTURA=2010 AND NUMERO_LINEA=3
DELETE FROM LINEA_FACTURA WHERE NUMERO_FACTURA=28 AND ANY_FACTURA=2010 AND NUMERO_LINEA=4
DELETE FROM LINEA_FACTURA WHERE NUMERO_FACTURA=29 AND ANY_FACTURA=2008 AND NUMERO_LINEA=1
DELETE FROM LINEA_FACTURA WHERE NUMERO_FACTURA=29 AND ANY_FACTURA=2008 AND NUMERO_LINEA=2
DELETE FROM LINEA_FACTURA WHERE NUMERO_FACTURA=29 AND ANY_FACTURA=2008 AND NUMERO_LINEA=3
DELETE FROM LINEA_FACTURA WHERE NUMERO_FACTURA=29 AND ANY_FACTURA=2008 AND NUMERO_LINEA=4
DELETE FROM LINEA_FACTURA WHERE NUMERO_FACTURA=29 AND ANY_FACTURA=2008 AND NUMERO_LINEA=5
DELETE FROM LINEA_FACTURA WHERE NUMERO_FACTURA=29 AND ANY_FACTURA=2008 AND NUMERO_LINEA=6
DELETE FROM LINEA_FACTURA WHERE NUMERO_FACTURA=29 AND ANY_FACTURA=2008 AND NUMERO_LINEA=7
DELETE FROM LINEA_FACTURA WHERE NUMERO_FACTURA=29 AND ANY_FACTURA=2008 AND NUMERO_LINEA=8
DELETE FROM LINEA_FACTURA WHERE NUMERO_FACTURA=29 AND ANY_FACTURA=2009 AND NUMERO_LINEA=1
DELETE FROM LINEA_FACTURA WHERE NUMERO_FACTURA=29 AND ANY_FACTURA=2010 AND NUMERO_LINEA=1
DELETE FROM LINEA_FACTURA WHERE NUMERO_FACTURA=30 AND ANY_FACTURA=2008 AND NUMERO_LINEA=1
DELETE FROM LINEA_FACTURA WHERE NUMERO_FACTURA=30 AND ANY_FACTURA=2009 AND NUMERO_LINEA=1
DELETE FROM LINEA_FACTURA WHERE NUMERO_FACTURA=30 AND ANY_FACTURA=2010 AND NUMERO_LINEA=1
DELETE FROM LINEA_FACTURA WHERE NUMERO_FACTURA=31 AND ANY_FACTURA=2008 AND NUMERO_LINEA=1
DELETE FROM LINEA_FACTURA WHERE NUMERO_FACTURA=31 AND ANY_FACTURA=2009 AND NUMERO_LINEA=1
DELETE FROM LINEA_FACTURA WHERE NUMERO_FACTURA=31 AND ANY_FACTURA=2010 AND NUMERO_LINEA=1
DELETE FROM LINEA_FACTURA WHERE NUMERO_FACTURA=32 AND ANY_FACTURA=2008 AND NUMERO_LINEA=1
DELETE FROM LINEA_FACTURA WHERE NUMERO_FACTURA=32 AND ANY_FACTURA=2009 AND NUMERO_LINEA=1
DELETE FROM LINEA_FACTURA WHERE NUMERO_FACTURA=32 AND ANY_FACTURA=2010 AND NUMERO_LINEA=1
DELETE FROM LINEA_FACTURA WHERE NUMERO_FACTURA=33 AND ANY_FACTURA=2008 AND NUMERO_LINEA=1
DELETE FROM LINEA_FACTURA WHERE NUMERO_FACTURA=33 AND ANY_FACTURA=2009 AND NUMERO_LINEA=1
DELETE FROM LINEA_FACTURA WHERE NUMERO_FACTURA=33 AND ANY_FACTURA=2010 AND NUMERO_LINEA=1
DELETE FROM LINEA_FACTURA WHERE NUMERO_FACTURA=34 AND ANY_FACTURA=2008 AND NUMERO_LINEA=1
DELETE FROM LINEA_FACTURA WHERE NUMERO_FACTURA=34 AND ANY_FACTURA=2009 AND NUMERO_LINEA=1
DELETE FROM LINEA_FACTURA WHERE NUMERO_FACTURA=34 AND ANY_FACTURA=2010 AND NUMERO_LINEA=1
DELETE FROM LINEA_FACTURA WHERE NUMERO_FACTURA=35 AND ANY_FACTURA=2008 AND NUMERO_LINEA=1
DELETE FROM LINEA_FACTURA WHERE NUMERO_FACTURA=35 AND ANY_FACTURA=2009 AND NUMERO_LINEA=1
DELETE FROM LINEA_FACTURA WHERE NUMERO_FACTURA=35 AND ANY_FACTURA=2010 AND NUMERO_LINEA=1
DELETE FROM LINEA_FACTURA WHERE NUMERO_FACTURA=36 AND ANY_FACTURA=2008 AND NUMERO_LINEA=1
DELETE FROM LINEA_FACTURA WHERE NUMERO_FACTURA=36 AND ANY_FACTURA=2009 AND NUMERO_LINEA=1
DELETE FROM LINEA_FACTURA WHERE NUMERO_FACTURA=36 AND ANY_FACTURA=2010 AND NUMERO_LINEA=1
DELETE FROM LINEA_FACTURA WHERE NUMERO_FACTURA=37 AND ANY_FACTURA=2008 AND NUMERO_LINEA=1
DELETE FROM LINEA_FACTURA WHERE NUMERO_FACTURA=37 AND ANY_FACTURA=2009 AND NUMERO_LINEA=1
DELETE FROM LINEA_FACTURA WHERE NUMERO_FACTURA=37 AND ANY_FACTURA=2010 AND NUMERO_LINEA=1
DELETE FROM LINEA_FACTURA WHERE NUMERO_FACTURA=37 AND ANY_FACTURA=2010 AND NUMERO_LINEA=2
DELETE FROM LINEA_FACTURA WHERE NUMERO_FACTURA=37 AND ANY_FACTURA=2010 AND NUMERO_LINEA=3
DELETE FROM LINEA_FACTURA WHERE NUMERO_FACTURA=37 AND ANY_FACTURA=2010 AND NUMERO_LINEA=4
DELETE FROM LINEA_FACTURA WHERE NUMERO_FACTURA=37 AND ANY_FACTURA=2010 AND NUMERO_LINEA=5
DELETE FROM LINEA_FACTURA WHERE NUMERO_FACTURA=38 AND ANY_FACTURA=2008 AND NUMERO_LINEA=1
DELETE FROM LINEA_FACTURA WHERE NUMERO_FACTURA=38 AND ANY_FACTURA=2009 AND NUMERO_LINEA=1
DELETE FROM LINEA_FACTURA WHERE NUMERO_FACTURA=38 AND ANY_FACTURA=2010 AND NUMERO_LINEA=1
DELETE FROM LINEA_FACTURA WHERE NUMERO_FACTURA=39 AND ANY_FACTURA=2008 AND NUMERO_LINEA=1
DELETE FROM LINEA_FACTURA WHERE NUMERO_FACTURA=39 AND ANY_FACTURA=2009 AND NUMERO_LINEA=1
DELETE FROM LINEA_FACTURA WHERE NUMERO_FACTURA=39 AND ANY_FACTURA=2010 AND NUMERO_LINEA=1
DELETE FROM LINEA_FACTURA WHERE NUMERO_FACTURA=39 AND ANY_FACTURA=2010 AND NUMERO_LINEA=2
DELETE FROM LINEA_FACTURA WHERE NUMERO_FACTURA=39 AND ANY_FACTURA=2010 AND NUMERO_LINEA=3
DELETE FROM LINEA_FACTURA WHERE NUMERO_FACTURA=39 AND ANY_FACTURA=2010 AND NUMERO_LINEA=4
DELETE FROM LINEA_FACTURA WHERE NUMERO_FACTURA=39 AND ANY_FACTURA=2010 AND NUMERO_LINEA=5
DELETE FROM LINEA_FACTURA WHERE NUMERO_FACTURA=39 AND ANY_FACTURA=2010 AND NUMERO_LINEA=6
DELETE FROM LINEA_FACTURA WHERE NUMERO_FACTURA=39 AND ANY_FACTURA=2010 AND NUMERO_LINEA=7
DELETE FROM LINEA_FACTURA WHERE NUMERO_FACTURA=39 AND ANY_FACTURA=2010 AND NUMERO_LINEA=8
DELETE FROM LINEA_FACTURA WHERE NUMERO_FACTURA=39 AND ANY_FACTURA=2010 AND NUMERO_LINEA=9
DELETE FROM LINEA_FACTURA WHERE NUMERO_FACTURA=40 AND ANY_FACTURA=2008 AND NUMERO_LINEA=1
DELETE FROM LINEA_FACTURA WHERE NUMERO_FACTURA=40 AND ANY_FACTURA=2009 AND NUMERO_LINEA=1
DELETE FROM LINEA_FACTURA WHERE NUMERO_FACTURA=40 AND ANY_FACTURA=2009 AND NUMERO_LINEA=2
DELETE FROM LINEA_FACTURA WHERE NUMERO_FACTURA=40 AND ANY_FACTURA=2009 AND NUMERO_LINEA=3
DELETE FROM LINEA_FACTURA WHERE NUMERO_FACTURA=40 AND ANY_FACTURA=2009 AND NUMERO_LINEA=4
DELETE FROM LINEA_FACTURA WHERE NUMERO_FACTURA=40 AND ANY_FACTURA=2009 AND NUMERO_LINEA=5
DELETE FROM LINEA_FACTURA WHERE NUMERO_FACTURA=40 AND ANY_FACTURA=2009 AND NUMERO_LINEA=6
DELETE FROM LINEA_FACTURA WHERE NUMERO_FACTURA=40 AND ANY_FACTURA=2009 AND NUMERO_LINEA=7
DELETE FROM LINEA_FACTURA WHERE NUMERO_FACTURA=40 AND ANY_FACTURA=2009 AND NUMERO_LINEA=8
DELETE FROM LINEA_FACTURA WHERE NUMERO_FACTURA=40 AND ANY_FACTURA=2009 AND NUMERO_LINEA=9
DELETE FROM LINEA_FACTURA WHERE NUMERO_FACTURA=40 AND ANY_FACTURA=2010 AND NUMERO_LINEA=1
DELETE FROM LINEA_FACTURA WHERE NUMERO_FACTURA=41 AND ANY_FACTURA=2008 AND NUMERO_LINEA=1
DELETE FROM LINEA_FACTURA WHERE NUMERO_FACTURA=41 AND ANY_FACTURA=2009 AND NUMERO_LINEA=1
DELETE FROM LINEA_FACTURA WHERE NUMERO_FACTURA=41 AND ANY_FACTURA=2010 AND NUMERO_LINEA=1
DELETE FROM LINEA_FACTURA WHERE NUMERO_FACTURA=42 AND ANY_FACTURA=2008 AND NUMERO_LINEA=1
DELETE FROM LINEA_FACTURA WHERE NUMERO_FACTURA=42 AND ANY_FACTURA=2009 AND NUMERO_LINEA=1
DELETE FROM LINEA_FACTURA WHERE NUMERO_FACTURA=42 AND ANY_FACTURA=2010 AND NUMERO_LINEA=1
DELETE FROM LINEA_FACTURA WHERE NUMERO_FACTURA=43 AND ANY_FACTURA=2008 AND NUMERO_LINEA=1
DELETE FROM LINEA_FACTURA WHERE NUMERO_FACTURA=43 AND ANY_FACTURA=2009 AND NUMERO_LINEA=1
DELETE FROM LINEA_FACTURA WHERE NUMERO_FACTURA=43 AND ANY_FACTURA=2010 AND NUMERO_LINEA=1
DELETE FROM LINEA_FACTURA WHERE NUMERO_FACTURA=44 AND ANY_FACTURA=2008 AND NUMERO_LINEA=1
DELETE FROM LINEA_FACTURA WHERE NUMERO_FACTURA=44 AND ANY_FACTURA=2009 AND NUMERO_LINEA=1
DELETE FROM LINEA_FACTURA WHERE NUMERO_FACTURA=44 AND ANY_FACTURA=2010 AND NUMERO_LINEA=1
DELETE FROM LINEA_FACTURA WHERE NUMERO_FACTURA=45 AND ANY_FACTURA=2008 AND NUMERO_LINEA=1
DELETE FROM LINEA_FACTURA WHERE NUMERO_FACTURA=45 AND ANY_FACTURA=2008 AND NUMERO_LINEA=2
DELETE FROM LINEA_FACTURA WHERE NUMERO_FACTURA=45 AND ANY_FACTURA=2008 AND NUMERO_LINEA=3
DELETE FROM LINEA_FACTURA WHERE NUMERO_FACTURA=45 AND ANY_FACTURA=2008 AND NUMERO_LINEA=4
DELETE FROM LINEA_FACTURA WHERE NUMERO_FACTURA=45 AND ANY_FACTURA=2008 AND NUMERO_LINEA=5
DELETE FROM LINEA_FACTURA WHERE NUMERO_FACTURA=45 AND ANY_FACTURA=2009 AND NUMERO_LINEA=1
DELETE FROM LINEA_FACTURA WHERE NUMERO_FACTURA=45 AND ANY_FACTURA=2010 AND NUMERO_LINEA=1
DELETE FROM LINEA_FACTURA WHERE NUMERO_FACTURA=46 AND ANY_FACTURA=2008 AND NUMERO_LINEA=1
DELETE FROM LINEA_FACTURA WHERE NUMERO_FACTURA=46 AND ANY_FACTURA=2009 AND NUMERO_LINEA=1
DELETE FROM LINEA_FACTURA WHERE NUMERO_FACTURA=46 AND ANY_FACTURA=2010 AND NUMERO_LINEA=1
DELETE FROM LINEA_FACTURA WHERE NUMERO_FACTURA=47 AND ANY_FACTURA=2008 AND NUMERO_LINEA=1
DELETE FROM LINEA_FACTURA WHERE NUMERO_FACTURA=47 AND ANY_FACTURA=2009 AND NUMERO_LINEA=1
DELETE FROM LINEA_FACTURA WHERE NUMERO_FACTURA=47 AND ANY_FACTURA=2010 AND NUMERO_LINEA=1
DELETE FROM LINEA_FACTURA WHERE NUMERO_FACTURA=48 AND ANY_FACTURA=2008 AND NUMERO_LINEA=1
DELETE FROM LINEA_FACTURA WHERE NUMERO_FACTURA=48 AND ANY_FACTURA=2008 AND NUMERO_LINEA=2
DELETE FROM LINEA_FACTURA WHERE NUMERO_FACTURA=48 AND ANY_FACTURA=2008 AND NUMERO_LINEA=3
DELETE FROM LINEA_FACTURA WHERE NUMERO_FACTURA=48 AND ANY_FACTURA=2009 AND NUMERO_LINEA=1
DELETE FROM LINEA_FACTURA WHERE NUMERO_FACTURA=48 AND ANY_FACTURA=2010 AND NUMERO_LINEA=1
DELETE FROM LINEA_FACTURA WHERE NUMERO_FACTURA=48 AND ANY_FACTURA=2010 AND NUMERO_LINEA=2
DELETE FROM LINEA_FACTURA WHERE NUMERO_FACTURA=48 AND ANY_FACTURA=2010 AND NUMERO_LINEA=3
DELETE FROM LINEA_FACTURA WHERE NUMERO_FACTURA=48 AND ANY_FACTURA=2010 AND NUMERO_LINEA=4
DELETE FROM LINEA_FACTURA WHERE NUMERO_FACTURA=49 AND ANY_FACTURA=2008 AND NUMERO_LINEA=1
DELETE FROM LINEA_FACTURA WHERE NUMERO_FACTURA=49 AND ANY_FACTURA=2008 AND NUMERO_LINEA=2
DELETE FROM LINEA_FACTURA WHERE NUMERO_FACTURA=49 AND ANY_FACTURA=2008 AND NUMERO_LINEA=3
DELETE FROM LINEA_FACTURA WHERE NUMERO_FACTURA=49 AND ANY_FACTURA=2008 AND NUMERO_LINEA=4
DELETE FROM LINEA_FACTURA WHERE NUMERO_FACTURA=49 AND ANY_FACTURA=2008 AND NUMERO_LINEA=5
DELETE FROM LINEA_FACTURA WHERE NUMERO_FACTURA=49 AND ANY_FACTURA=2008 AND NUMERO_LINEA=6
DELETE FROM LINEA_FACTURA WHERE NUMERO_FACTURA=49 AND ANY_FACTURA=2008 AND NUMERO_LINEA=7
DELETE FROM LINEA_FACTURA WHERE NUMERO_FACTURA=49 AND ANY_FACTURA=2008 AND NUMERO_LINEA=8
DELETE FROM LINEA_FACTURA WHERE NUMERO_FACTURA=49 AND ANY_FACTURA=2009 AND NUMERO_LINEA=1
DELETE FROM LINEA_FACTURA WHERE NUMERO_FACTURA=49 AND ANY_FACTURA=2010 AND NUMERO_LINEA=1
DELETE FROM LINEA_FACTURA WHERE NUMERO_FACTURA=50 AND ANY_FACTURA=2008 AND NUMERO_LINEA=1
DELETE FROM LINEA_FACTURA WHERE NUMERO_FACTURA=50 AND ANY_FACTURA=2009 AND NUMERO_LINEA=1
DELETE FROM LINEA_FACTURA WHERE NUMERO_FACTURA=50 AND ANY_FACTURA=2010 AND NUMERO_LINEA=1
DELETE FROM LINEA_FACTURA WHERE NUMERO_FACTURA=51 AND ANY_FACTURA=2008 AND NUMERO_LINEA=1
DELETE FROM LINEA_FACTURA WHERE NUMERO_FACTURA=51 AND ANY_FACTURA=2009 AND NUMERO_LINEA=1
DELETE FROM LINEA_FACTURA WHERE NUMERO_FACTURA=51 AND ANY_FACTURA=2010 AND NUMERO_LINEA=1
DELETE FROM LINEA_FACTURA WHERE NUMERO_FACTURA=51 AND ANY_FACTURA=2010 AND NUMERO_LINEA=2
DELETE FROM LINEA_FACTURA WHERE NUMERO_FACTURA=51 AND ANY_FACTURA=2010 AND NUMERO_LINEA=3
DELETE FROM LINEA_FACTURA WHERE NUMERO_FACTURA=51 AND ANY_FACTURA=2010 AND NUMERO_LINEA=4
DELETE FROM LINEA_FACTURA WHERE NUMERO_FACTURA=51 AND ANY_FACTURA=2010 AND NUMERO_LINEA=5
DELETE FROM LINEA_FACTURA WHERE NUMERO_FACTURA=51 AND ANY_FACTURA=2010 AND NUMERO_LINEA=6
DELETE FROM LINEA_FACTURA WHERE NUMERO_FACTURA=51 AND ANY_FACTURA=2010 AND NUMERO_LINEA=7
DELETE FROM LINEA_FACTURA WHERE NUMERO_FACTURA=51 AND ANY_FACTURA=2010 AND NUMERO_LINEA=8
DELETE FROM LINEA_FACTURA WHERE NUMERO_FACTURA=51 AND ANY_FACTURA=2010 AND NUMERO_LINEA=9
DELETE FROM LINEA_FACTURA WHERE NUMERO_FACTURA=52 AND ANY_FACTURA=2008 AND NUMERO_LINEA=1
DELETE FROM LINEA_FACTURA WHERE NUMERO_FACTURA=52 AND ANY_FACTURA=2009 AND NUMERO_LINEA=1
DELETE FROM LINEA_FACTURA WHERE NUMERO_FACTURA=52 AND ANY_FACTURA=2010 AND NUMERO_LINEA=1
DELETE FROM LINEA_FACTURA WHERE NUMERO_FACTURA=53 AND ANY_FACTURA=2008 AND NUMERO_LINEA=1
DELETE FROM LINEA_FACTURA WHERE NUMERO_FACTURA=53 AND ANY_FACTURA=2009 AND NUMERO_LINEA=1
DELETE FROM LINEA_FACTURA WHERE NUMERO_FACTURA=53 AND ANY_FACTURA=2009 AND NUMERO_LINEA=2
DELETE FROM LINEA_FACTURA WHERE NUMERO_FACTURA=53 AND ANY_FACTURA=2009 AND NUMERO_LINEA=3
DELETE FROM LINEA_FACTURA WHERE NUMERO_FACTURA=53 AND ANY_FACTURA=2009 AND NUMERO_LINEA=4
DELETE FROM LINEA_FACTURA WHERE NUMERO_FACTURA=53 AND ANY_FACTURA=2009 AND NUMERO_LINEA=5
DELETE FROM LINEA_FACTURA WHERE NUMERO_FACTURA=53 AND ANY_FACTURA=2009 AND NUMERO_LINEA=6
DELETE FROM LINEA_FACTURA WHERE NUMERO_FACTURA=53 AND ANY_FACTURA=2009 AND NUMERO_LINEA=7
DELETE FROM LINEA_FACTURA WHERE NUMERO_FACTURA=53 AND ANY_FACTURA=2009 AND NUMERO_LINEA=8
DELETE FROM LINEA_FACTURA WHERE NUMERO_FACTURA=53 AND ANY_FACTURA=2009 AND NUMERO_LINEA=9
DELETE FROM LINEA_FACTURA WHERE NUMERO_FACTURA=53 AND ANY_FACTURA=2010 AND NUMERO_LINEA=1
DELETE FROM LINEA_FACTURA WHERE NUMERO_FACTURA=54 AND ANY_FACTURA=2008 AND NUMERO_LINEA=1
DELETE FROM LINEA_FACTURA WHERE NUMERO_FACTURA=54 AND ANY_FACTURA=2009 AND NUMERO_LINEA=1
DELETE FROM LINEA_FACTURA WHERE NUMERO_FACTURA=54 AND ANY_FACTURA=2010 AND NUMERO_LINEA=1
DELETE FROM LINEA_FACTURA WHERE NUMERO_FACTURA=55 AND ANY_FACTURA=2008 AND NUMERO_LINEA=1
DELETE FROM LINEA_FACTURA WHERE NUMERO_FACTURA=55 AND ANY_FACTURA=2009 AND NUMERO_LINEA=1
DELETE FROM LINEA_FACTURA WHERE NUMERO_FACTURA=55 AND ANY_FACTURA=2010 AND NUMERO_LINEA=1
DELETE FROM LINEA_FACTURA WHERE NUMERO_FACTURA=56 AND ANY_FACTURA=2008 AND NUMERO_LINEA=1
DELETE FROM LINEA_FACTURA WHERE NUMERO_FACTURA=56 AND ANY_FACTURA=2009 AND NUMERO_LINEA=1
DELETE FROM LINEA_FACTURA WHERE NUMERO_FACTURA=56 AND ANY_FACTURA=2010 AND NUMERO_LINEA=1
DELETE FROM LINEA_FACTURA WHERE NUMERO_FACTURA=57 AND ANY_FACTURA=2008 AND NUMERO_LINEA=1
DELETE FROM LINEA_FACTURA WHERE NUMERO_FACTURA=57 AND ANY_FACTURA=2009 AND NUMERO_LINEA=1
DELETE FROM LINEA_FACTURA WHERE NUMERO_FACTURA=57 AND ANY_FACTURA=2010 AND NUMERO_LINEA=1
DELETE FROM LINEA_FACTURA WHERE NUMERO_FACTURA=58 AND ANY_FACTURA=2008 AND NUMERO_LINEA=1
DELETE FROM LINEA_FACTURA WHERE NUMERO_FACTURA=58 AND ANY_FACTURA=2009 AND NUMERO_LINEA=1
DELETE FROM LINEA_FACTURA WHERE NUMERO_FACTURA=58 AND ANY_FACTURA=2010 AND NUMERO_LINEA=1
DELETE FROM LINEA_FACTURA WHERE NUMERO_FACTURA=59 AND ANY_FACTURA=2008 AND NUMERO_LINEA=1
DELETE FROM LINEA_FACTURA WHERE NUMERO_FACTURA=59 AND ANY_FACTURA=2009 AND NUMERO_LINEA=1
DELETE FROM LINEA_FACTURA WHERE NUMERO_FACTURA=59 AND ANY_FACTURA=2010 AND NUMERO_LINEA=1
DELETE FROM LINEA_FACTURA WHERE NUMERO_FACTURA=60 AND ANY_FACTURA=2008 AND NUMERO_LINEA=1
DELETE FROM LINEA_FACTURA WHERE NUMERO_FACTURA=60 AND ANY_FACTURA=2008 AND NUMERO_LINEA=2
DELETE FROM LINEA_FACTURA WHERE NUMERO_FACTURA=60 AND ANY_FACTURA=2008 AND NUMERO_LINEA=3
DELETE FROM LINEA_FACTURA WHERE NUMERO_FACTURA=60 AND ANY_FACTURA=2008 AND NUMERO_LINEA=4
DELETE FROM LINEA_FACTURA WHERE NUMERO_FACTURA=60 AND ANY_FACTURA=2008 AND NUMERO_LINEA=5
DELETE FROM LINEA_FACTURA WHERE NUMERO_FACTURA=60 AND ANY_FACTURA=2008 AND NUMERO_LINEA=6
DELETE FROM LINEA_FACTURA WHERE NUMERO_FACTURA=60 AND ANY_FACTURA=2008 AND NUMERO_LINEA=7
DELETE FROM LINEA_FACTURA WHERE NUMERO_FACTURA=60 AND ANY_FACTURA=2008 AND NUMERO_LINEA=8
DELETE FROM LINEA_FACTURA WHERE NUMERO_FACTURA=60 AND ANY_FACTURA=2009 AND NUMERO_LINEA=1
DELETE FROM LINEA_FACTURA WHERE NUMERO_FACTURA=60 AND ANY_FACTURA=2010 AND NUMERO_LINEA=1
DELETE FROM LINEA_FACTURA WHERE NUMERO_FACTURA=61 AND ANY_FACTURA=2008 AND NUMERO_LINEA=1
DELETE FROM LINEA_FACTURA WHERE NUMERO_FACTURA=61 AND ANY_FACTURA=2009 AND NUMERO_LINEA=1
DELETE FROM LINEA_FACTURA WHERE NUMERO_FACTURA=61 AND ANY_FACTURA=2010 AND NUMERO_LINEA=1
DELETE FROM LINEA_FACTURA WHERE NUMERO_FACTURA=61 AND ANY_FACTURA=2010 AND NUMERO_LINEA=2
DELETE FROM LINEA_FACTURA WHERE NUMERO_FACTURA=61 AND ANY_FACTURA=2010 AND NUMERO_LINEA=3
DELETE FROM LINEA_FACTURA WHERE NUMERO_FACTURA=61 AND ANY_FACTURA=2010 AND NUMERO_LINEA=4
DELETE FROM LINEA_FACTURA WHERE NUMERO_FACTURA=62 AND ANY_FACTURA=2008 AND NUMERO_LINEA=1
DELETE FROM LINEA_FACTURA WHERE NUMERO_FACTURA=62 AND ANY_FACTURA=2009 AND NUMERO_LINEA=1
DELETE FROM LINEA_FACTURA WHERE NUMERO_FACTURA=62 AND ANY_FACTURA=2010 AND NUMERO_LINEA=1
DELETE FROM LINEA_FACTURA WHERE NUMERO_FACTURA=62 AND ANY_FACTURA=2010 AND NUMERO_LINEA=2
DELETE FROM LINEA_FACTURA WHERE NUMERO_FACTURA=63 AND ANY_FACTURA=2008 AND NUMERO_LINEA=1
DELETE FROM LINEA_FACTURA WHERE NUMERO_FACTURA=63 AND ANY_FACTURA=2009 AND NUMERO_LINEA=1
DELETE FROM LINEA_FACTURA WHERE NUMERO_FACTURA=63 AND ANY_FACTURA=2010 AND NUMERO_LINEA=1
DELETE FROM LINEA_FACTURA WHERE NUMERO_FACTURA=64 AND ANY_FACTURA=2008 AND NUMERO_LINEA=1
DELETE FROM LINEA_FACTURA WHERE NUMERO_FACTURA=64 AND ANY_FACTURA=2009 AND NUMERO_LINEA=1
DELETE FROM LINEA_FACTURA WHERE NUMERO_FACTURA=64 AND ANY_FACTURA=2010 AND NUMERO_LINEA=1
DELETE FROM LINEA_FACTURA WHERE NUMERO_FACTURA=65 AND ANY_FACTURA=2008 AND NUMERO_LINEA=1
DELETE FROM LINEA_FACTURA WHERE NUMERO_FACTURA=65 AND ANY_FACTURA=2009 AND NUMERO_LINEA=1
DELETE FROM LINEA_FACTURA WHERE NUMERO_FACTURA=65 AND ANY_FACTURA=2010 AND NUMERO_LINEA=1
DELETE FROM LINEA_FACTURA WHERE NUMERO_FACTURA=66 AND ANY_FACTURA=2008 AND NUMERO_LINEA=1
DELETE FROM LINEA_FACTURA WHERE NUMERO_FACTURA=66 AND ANY_FACTURA=2009 AND NUMERO_LINEA=1
DELETE FROM LINEA_FACTURA WHERE NUMERO_FACTURA=66 AND ANY_FACTURA=2010 AND NUMERO_LINEA=1
DELETE FROM LINEA_FACTURA WHERE NUMERO_FACTURA=67 AND ANY_FACTURA=2008 AND NUMERO_LINEA=1
DELETE FROM LINEA_FACTURA WHERE NUMERO_FACTURA=67 AND ANY_FACTURA=2009 AND NUMERO_LINEA=1
DELETE FROM LINEA_FACTURA WHERE NUMERO_FACTURA=67 AND ANY_FACTURA=2010 AND NUMERO_LINEA=1
DELETE FROM LINEA_FACTURA WHERE NUMERO_FACTURA=68 AND ANY_FACTURA=2008 AND NUMERO_LINEA=1
DELETE FROM LINEA_FACTURA WHERE NUMERO_FACTURA=68 AND ANY_FACTURA=2009 AND NUMERO_LINEA=1
DELETE FROM LINEA_FACTURA WHERE NUMERO_FACTURA=68 AND ANY_FACTURA=2010 AND NUMERO_LINEA=1
DELETE FROM LINEA_FACTURA WHERE NUMERO_FACTURA=69 AND ANY_FACTURA=2008 AND NUMERO_LINEA=1
DELETE FROM LINEA_FACTURA WHERE NUMERO_FACTURA=69 AND ANY_FACTURA=2009 AND NUMERO_LINEA=1
DELETE FROM LINEA_FACTURA WHERE NUMERO_FACTURA=69 AND ANY_FACTURA=2010 AND NUMERO_LINEA=1
DELETE FROM LINEA_FACTURA WHERE NUMERO_FACTURA=70 AND ANY_FACTURA=2008 AND NUMERO_LINEA=1
DELETE FROM LINEA_FACTURA WHERE NUMERO_FACTURA=70 AND ANY_FACTURA=2009 AND NUMERO_LINEA=1
DELETE FROM LINEA_FACTURA WHERE NUMERO_FACTURA=70 AND ANY_FACTURA=2010 AND NUMERO_LINEA=1
DELETE FROM LINEA_FACTURA WHERE NUMERO_FACTURA=71 AND ANY_FACTURA=2008 AND NUMERO_LINEA=1
DELETE FROM LINEA_FACTURA WHERE NUMERO_FACTURA=71 AND ANY_FACTURA=2009 AND NUMERO_LINEA=1
DELETE FROM LINEA_FACTURA WHERE NUMERO_FACTURA=71 AND ANY_FACTURA=2009 AND NUMERO_LINEA=2
DELETE FROM LINEA_FACTURA WHERE NUMERO_FACTURA=71 AND ANY_FACTURA=2009 AND NUMERO_LINEA=3
DELETE FROM LINEA_FACTURA WHERE NUMERO_FACTURA=71 AND ANY_FACTURA=2009 AND NUMERO_LINEA=4
DELETE FROM LINEA_FACTURA WHERE NUMERO_FACTURA=71 AND ANY_FACTURA=2009 AND NUMERO_LINEA=5
DELETE FROM LINEA_FACTURA WHERE NUMERO_FACTURA=71 AND ANY_FACTURA=2009 AND NUMERO_LINEA=6
DELETE FROM LINEA_FACTURA WHERE NUMERO_FACTURA=71 AND ANY_FACTURA=2009 AND NUMERO_LINEA=7
DELETE FROM LINEA_FACTURA WHERE NUMERO_FACTURA=71 AND ANY_FACTURA=2009 AND NUMERO_LINEA=8
DELETE FROM LINEA_FACTURA WHERE NUMERO_FACTURA=71 AND ANY_FACTURA=2009 AND NUMERO_LINEA=9
DELETE FROM LINEA_FACTURA WHERE NUMERO_FACTURA=71 AND ANY_FACTURA=2010 AND NUMERO_LINEA=1
DELETE FROM LINEA_FACTURA WHERE NUMERO_FACTURA=72 AND ANY_FACTURA=2008 AND NUMERO_LINEA=1
DELETE FROM LINEA_FACTURA WHERE NUMERO_FACTURA=72 AND ANY_FACTURA=2009 AND NUMERO_LINEA=1
DELETE FROM LINEA_FACTURA WHERE NUMERO_FACTURA=72 AND ANY_FACTURA=2010 AND NUMERO_LINEA=1
DELETE FROM LINEA_FACTURA WHERE NUMERO_FACTURA=72 AND ANY_FACTURA=2010 AND NUMERO_LINEA=2
DELETE FROM LINEA_FACTURA WHERE NUMERO_FACTURA=72 AND ANY_FACTURA=2010 AND NUMERO_LINEA=3
DELETE FROM LINEA_FACTURA WHERE NUMERO_FACTURA=72 AND ANY_FACTURA=2010 AND NUMERO_LINEA=4
DELETE FROM LINEA_FACTURA WHERE NUMERO_FACTURA=72 AND ANY_FACTURA=2010 AND NUMERO_LINEA=5
DELETE FROM LINEA_FACTURA WHERE NUMERO_FACTURA=73 AND ANY_FACTURA=2008 AND NUMERO_LINEA=1
DELETE FROM LINEA_FACTURA WHERE NUMERO_FACTURA=73 AND ANY_FACTURA=2009 AND NUMERO_LINEA=1
DELETE FROM LINEA_FACTURA WHERE NUMERO_FACTURA=73 AND ANY_FACTURA=2010 AND NUMERO_LINEA=1
DELETE FROM LINEA_FACTURA WHERE NUMERO_FACTURA=73 AND ANY_FACTURA=2010 AND NUMERO_LINEA=2
DELETE FROM LINEA_FACTURA WHERE NUMERO_FACTURA=73 AND ANY_FACTURA=2010 AND NUMERO_LINEA=3
DELETE FROM LINEA_FACTURA WHERE NUMERO_FACTURA=73 AND ANY_FACTURA=2010 AND NUMERO_LINEA=4
DELETE FROM LINEA_FACTURA WHERE NUMERO_FACTURA=74 AND ANY_FACTURA=2008 AND NUMERO_LINEA=1
DELETE FROM LINEA_FACTURA WHERE NUMERO_FACTURA=74 AND ANY_FACTURA=2008 AND NUMERO_LINEA=2
DELETE FROM LINEA_FACTURA WHERE NUMERO_FACTURA=74 AND ANY_FACTURA=2008 AND NUMERO_LINEA=3
DELETE FROM LINEA_FACTURA WHERE NUMERO_FACTURA=74 AND ANY_FACTURA=2008 AND NUMERO_LINEA=4
DELETE FROM LINEA_FACTURA WHERE NUMERO_FACTURA=74 AND ANY_FACTURA=2008 AND NUMERO_LINEA=5
DELETE FROM LINEA_FACTURA WHERE NUMERO_FACTURA=74 AND ANY_FACTURA=2008 AND NUMERO_LINEA=6
DELETE FROM LINEA_FACTURA WHERE NUMERO_FACTURA=74 AND ANY_FACTURA=2008 AND NUMERO_LINEA=7
DELETE FROM LINEA_FACTURA WHERE NUMERO_FACTURA=74 AND ANY_FACTURA=2008 AND NUMERO_LINEA=8
DELETE FROM LINEA_FACTURA WHERE NUMERO_FACTURA=74 AND ANY_FACTURA=2008 AND NUMERO_LINEA=9
DELETE FROM LINEA_FACTURA WHERE NUMERO_FACTURA=74 AND ANY_FACTURA=2009 AND NUMERO_LINEA=1
DELETE FROM LINEA_FACTURA WHERE NUMERO_FACTURA=74 AND ANY_FACTURA=2010 AND NUMERO_LINEA=1
DELETE FROM LINEA_FACTURA WHERE NUMERO_FACTURA=75 AND ANY_FACTURA=2008 AND NUMERO_LINEA=1
DELETE FROM LINEA_FACTURA WHERE NUMERO_FACTURA=75 AND ANY_FACTURA=2009 AND NUMERO_LINEA=1
DELETE FROM LINEA_FACTURA WHERE NUMERO_FACTURA=75 AND ANY_FACTURA=2010 AND NUMERO_LINEA=1
DELETE FROM LINEA_FACTURA WHERE NUMERO_FACTURA=75 AND ANY_FACTURA=2010 AND NUMERO_LINEA=2
DELETE FROM LINEA_FACTURA WHERE NUMERO_FACTURA=75 AND ANY_FACTURA=2010 AND NUMERO_LINEA=3
DELETE FROM LINEA_FACTURA WHERE NUMERO_FACTURA=75 AND ANY_FACTURA=2010 AND NUMERO_LINEA=4
DELETE FROM LINEA_FACTURA WHERE NUMERO_FACTURA=75 AND ANY_FACTURA=2010 AND NUMERO_LINEA=5
DELETE FROM LINEA_FACTURA WHERE NUMERO_FACTURA=75 AND ANY_FACTURA=2010 AND NUMERO_LINEA=6
DELETE FROM LINEA_FACTURA WHERE NUMERO_FACTURA=75 AND ANY_FACTURA=2010 AND NUMERO_LINEA=7
DELETE FROM LINEA_FACTURA WHERE NUMERO_FACTURA=75 AND ANY_FACTURA=2010 AND NUMERO_LINEA=8
DELETE FROM LINEA_FACTURA WHERE NUMERO_FACTURA=75 AND ANY_FACTURA=2010 AND NUMERO_LINEA=9
DELETE FROM LINEA_FACTURA WHERE NUMERO_FACTURA=76 AND ANY_FACTURA=2008 AND NUMERO_LINEA=1
DELETE FROM LINEA_FACTURA WHERE NUMERO_FACTURA=76 AND ANY_FACTURA=2009 AND NUMERO_LINEA=1
DELETE FROM LINEA_FACTURA WHERE NUMERO_FACTURA=76 AND ANY_FACTURA=2010 AND NUMERO_LINEA=1
DELETE FROM LINEA_FACTURA WHERE NUMERO_FACTURA=77 AND ANY_FACTURA=2008 AND NUMERO_LINEA=1
DELETE FROM LINEA_FACTURA WHERE NUMERO_FACTURA=77 AND ANY_FACTURA=2008 AND NUMERO_LINEA=2
DELETE FROM LINEA_FACTURA WHERE NUMERO_FACTURA=77 AND ANY_FACTURA=2009 AND NUMERO_LINEA=1
DELETE FROM LINEA_FACTURA WHERE NUMERO_FACTURA=77 AND ANY_FACTURA=2010 AND NUMERO_LINEA=1
DELETE FROM LINEA_FACTURA WHERE NUMERO_FACTURA=78 AND ANY_FACTURA=2008 AND NUMERO_LINEA=1
DELETE FROM LINEA_FACTURA WHERE NUMERO_FACTURA=78 AND ANY_FACTURA=2009 AND NUMERO_LINEA=1
DELETE FROM LINEA_FACTURA WHERE NUMERO_FACTURA=78 AND ANY_FACTURA=2010 AND NUMERO_LINEA=1
DELETE FROM LINEA_FACTURA WHERE NUMERO_FACTURA=79 AND ANY_FACTURA=2008 AND NUMERO_LINEA=1
DELETE FROM LINEA_FACTURA WHERE NUMERO_FACTURA=79 AND ANY_FACTURA=2009 AND NUMERO_LINEA=1
DELETE FROM LINEA_FACTURA WHERE NUMERO_FACTURA=79 AND ANY_FACTURA=2010 AND NUMERO_LINEA=1
DELETE FROM LINEA_FACTURA WHERE NUMERO_FACTURA=80 AND ANY_FACTURA=2008 AND NUMERO_LINEA=1
DELETE FROM LINEA_FACTURA WHERE NUMERO_FACTURA=80 AND ANY_FACTURA=2009 AND NUMERO_LINEA=1
DELETE FROM LINEA_FACTURA WHERE NUMERO_FACTURA=80 AND ANY_FACTURA=2009 AND NUMERO_LINEA=2
DELETE FROM LINEA_FACTURA WHERE NUMERO_FACTURA=80 AND ANY_FACTURA=2009 AND NUMERO_LINEA=3
DELETE FROM LINEA_FACTURA WHERE NUMERO_FACTURA=80 AND ANY_FACTURA=2009 AND NUMERO_LINEA=4
DELETE FROM LINEA_FACTURA WHERE NUMERO_FACTURA=80 AND ANY_FACTURA=2009 AND NUMERO_LINEA=5
DELETE FROM LINEA_FACTURA WHERE NUMERO_FACTURA=80 AND ANY_FACTURA=2009 AND NUMERO_LINEA=6
DELETE FROM LINEA_FACTURA WHERE NUMERO_FACTURA=80 AND ANY_FACTURA=2009 AND NUMERO_LINEA=7
DELETE FROM LINEA_FACTURA WHERE NUMERO_FACTURA=80 AND ANY_FACTURA=2009 AND NUMERO_LINEA=8
DELETE FROM LINEA_FACTURA WHERE NUMERO_FACTURA=80 AND ANY_FACTURA=2009 AND NUMERO_LINEA=9
DELETE FROM LINEA_FACTURA WHERE NUMERO_FACTURA=80 AND ANY_FACTURA=2010 AND NUMERO_LINEA=1
DELETE FROM LINEA_FACTURA WHERE NUMERO_FACTURA=81 AND ANY_FACTURA=2008 AND NUMERO_LINEA=1
DELETE FROM LINEA_FACTURA WHERE NUMERO_FACTURA=81 AND ANY_FACTURA=2009 AND NUMERO_LINEA=1
DELETE FROM LINEA_FACTURA WHERE NUMERO_FACTURA=81 AND ANY_FACTURA=2010 AND NUMERO_LINEA=1
DELETE FROM LINEA_FACTURA WHERE NUMERO_FACTURA=82 AND ANY_FACTURA=2008 AND NUMERO_LINEA=1
DELETE FROM LINEA_FACTURA WHERE NUMERO_FACTURA=82 AND ANY_FACTURA=2009 AND NUMERO_LINEA=1
DELETE FROM LINEA_FACTURA WHERE NUMERO_FACTURA=82 AND ANY_FACTURA=2010 AND NUMERO_LINEA=1
DELETE FROM LINEA_FACTURA WHERE NUMERO_FACTURA=83 AND ANY_FACTURA=2008 AND NUMERO_LINEA=1
DELETE FROM LINEA_FACTURA WHERE NUMERO_FACTURA=83 AND ANY_FACTURA=2009 AND NUMERO_LINEA=1
DELETE FROM LINEA_FACTURA WHERE NUMERO_FACTURA=83 AND ANY_FACTURA=2010 AND NUMERO_LINEA=1
DELETE FROM LINEA_FACTURA WHERE NUMERO_FACTURA=84 AND ANY_FACTURA=2008 AND NUMERO_LINEA=1
DELETE FROM LINEA_FACTURA WHERE NUMERO_FACTURA=84 AND ANY_FACTURA=2008 AND NUMERO_LINEA=2
DELETE FROM LINEA_FACTURA WHERE NUMERO_FACTURA=84 AND ANY_FACTURA=2008 AND NUMERO_LINEA=3
DELETE FROM LINEA_FACTURA WHERE NUMERO_FACTURA=84 AND ANY_FACTURA=2008 AND NUMERO_LINEA=4
DELETE FROM LINEA_FACTURA WHERE NUMERO_FACTURA=84 AND ANY_FACTURA=2008 AND NUMERO_LINEA=5
DELETE FROM LINEA_FACTURA WHERE NUMERO_FACTURA=84 AND ANY_FACTURA=2008 AND NUMERO_LINEA=6
DELETE FROM LINEA_FACTURA WHERE NUMERO_FACTURA=84 AND ANY_FACTURA=2008 AND NUMERO_LINEA=7
DELETE FROM LINEA_FACTURA WHERE NUMERO_FACTURA=84 AND ANY_FACTURA=2008 AND NUMERO_LINEA=8
DELETE FROM LINEA_FACTURA WHERE NUMERO_FACTURA=84 AND ANY_FACTURA=2008 AND NUMERO_LINEA=9
DELETE FROM LINEA_FACTURA WHERE NUMERO_FACTURA=84 AND ANY_FACTURA=2009 AND NUMERO_LINEA=1
DELETE FROM LINEA_FACTURA WHERE NUMERO_FACTURA=84 AND ANY_FACTURA=2010 AND NUMERO_LINEA=1
DELETE FROM LINEA_FACTURA WHERE NUMERO_FACTURA=85 AND ANY_FACTURA=2008 AND NUMERO_LINEA=1
DELETE FROM LINEA_FACTURA WHERE NUMERO_FACTURA=85 AND ANY_FACTURA=2009 AND NUMERO_LINEA=1
DELETE FROM LINEA_FACTURA WHERE NUMERO_FACTURA=85 AND ANY_FACTURA=2010 AND NUMERO_LINEA=1
DELETE FROM LINEA_FACTURA WHERE NUMERO_FACTURA=85 AND ANY_FACTURA=2010 AND NUMERO_LINEA=2
DELETE FROM LINEA_FACTURA WHERE NUMERO_FACTURA=85 AND ANY_FACTURA=2010 AND NUMERO_LINEA=3
DELETE FROM LINEA_FACTURA WHERE NUMERO_FACTURA=85 AND ANY_FACTURA=2010 AND NUMERO_LINEA=4
DELETE FROM LINEA_FACTURA WHERE NUMERO_FACTURA=86 AND ANY_FACTURA=2008 AND NUMERO_LINEA=1
DELETE FROM LINEA_FACTURA WHERE NUMERO_FACTURA=86 AND ANY_FACTURA=2009 AND NUMERO_LINEA=1
DELETE FROM LINEA_FACTURA WHERE NUMERO_FACTURA=86 AND ANY_FACTURA=2010 AND NUMERO_LINEA=1
DELETE FROM LINEA_FACTURA WHERE NUMERO_FACTURA=86 AND ANY_FACTURA=2010 AND NUMERO_LINEA=2
DELETE FROM LINEA_FACTURA WHERE NUMERO_FACTURA=86 AND ANY_FACTURA=2010 AND NUMERO_LINEA=3
DELETE FROM LINEA_FACTURA WHERE NUMERO_FACTURA=86 AND ANY_FACTURA=2010 AND NUMERO_LINEA=4
DELETE FROM LINEA_FACTURA WHERE NUMERO_FACTURA=86 AND ANY_FACTURA=2010 AND NUMERO_LINEA=5
DELETE FROM LINEA_FACTURA WHERE NUMERO_FACTURA=86 AND ANY_FACTURA=2010 AND NUMERO_LINEA=6
DELETE FROM LINEA_FACTURA WHERE NUMERO_FACTURA=86 AND ANY_FACTURA=2010 AND NUMERO_LINEA=7
DELETE FROM LINEA_FACTURA WHERE NUMERO_FACTURA=86 AND ANY_FACTURA=2010 AND NUMERO_LINEA=8
DELETE FROM LINEA_FACTURA WHERE NUMERO_FACTURA=86 AND ANY_FACTURA=2010 AND NUMERO_LINEA=9
DELETE FROM LINEA_FACTURA WHERE NUMERO_FACTURA=87 AND ANY_FACTURA=2008 AND NUMERO_LINEA=1
DELETE FROM LINEA_FACTURA WHERE NUMERO_FACTURA=87 AND ANY_FACTURA=2009 AND NUMERO_LINEA=1
DELETE FROM LINEA_FACTURA WHERE NUMERO_FACTURA=87 AND ANY_FACTURA=2010 AND NUMERO_LINEA=1
DELETE FROM LINEA_FACTURA WHERE NUMERO_FACTURA=88 AND ANY_FACTURA=2008 AND NUMERO_LINEA=1
DELETE FROM LINEA_FACTURA WHERE NUMERO_FACTURA=88 AND ANY_FACTURA=2009 AND NUMERO_LINEA=1
DELETE FROM LINEA_FACTURA WHERE NUMERO_FACTURA=88 AND ANY_FACTURA=2010 AND NUMERO_LINEA=1
DELETE FROM LINEA_FACTURA WHERE NUMERO_FACTURA=89 AND ANY_FACTURA=2008 AND NUMERO_LINEA=1
DELETE FROM LINEA_FACTURA WHERE NUMERO_FACTURA=89 AND ANY_FACTURA=2009 AND NUMERO_LINEA=1
DELETE FROM LINEA_FACTURA WHERE NUMERO_FACTURA=89 AND ANY_FACTURA=2010 AND NUMERO_LINEA=1
DELETE FROM LINEA_FACTURA WHERE NUMERO_FACTURA=90 AND ANY_FACTURA=2008 AND NUMERO_LINEA=1
DELETE FROM LINEA_FACTURA WHERE NUMERO_FACTURA=90 AND ANY_FACTURA=2009 AND NUMERO_LINEA=1
DELETE FROM LINEA_FACTURA WHERE NUMERO_FACTURA=90 AND ANY_FACTURA=2010 AND NUMERO_LINEA=1
DELETE FROM LINEA_FACTURA WHERE NUMERO_FACTURA=91 AND ANY_FACTURA=2008 AND NUMERO_LINEA=1
DELETE FROM LINEA_FACTURA WHERE NUMERO_FACTURA=91 AND ANY_FACTURA=2009 AND NUMERO_LINEA=1
DELETE FROM LINEA_FACTURA WHERE NUMERO_FACTURA=91 AND ANY_FACTURA=2010 AND NUMERO_LINEA=1
DELETE FROM LINEA_FACTURA WHERE NUMERO_FACTURA=92 AND ANY_FACTURA=2008 AND NUMERO_LINEA=1
DELETE FROM LINEA_FACTURA WHERE NUMERO_FACTURA=92 AND ANY_FACTURA=2009 AND NUMERO_LINEA=1
DELETE FROM LINEA_FACTURA WHERE NUMERO_FACTURA=92 AND ANY_FACTURA=2010 AND NUMERO_LINEA=1
DELETE FROM LINEA_FACTURA WHERE NUMERO_FACTURA=93 AND ANY_FACTURA=2009 AND NUMERO_LINEA=1
DELETE FROM LINEA_FACTURA WHERE NUMERO_FACTURA=93 AND ANY_FACTURA=2010 AND NUMERO_LINEA=1
DELETE FROM LINEA_FACTURA WHERE NUMERO_FACTURA=94 AND ANY_FACTURA=2009 AND NUMERO_LINEA=1
DELETE FROM LINEA_FACTURA WHERE NUMERO_FACTURA=94 AND ANY_FACTURA=2010 AND NUMERO_LINEA=1
DELETE FROM LINEA_FACTURA WHERE NUMERO_FACTURA=95 AND ANY_FACTURA=2009 AND NUMERO_LINEA=1
DELETE FROM LINEA_FACTURA WHERE NUMERO_FACTURA=95 AND ANY_FACTURA=2010 AND NUMERO_LINEA=1
DELETE FROM LINEA_FACTURA WHERE NUMERO_FACTURA=96 AND ANY_FACTURA=2009 AND NUMERO_LINEA=1
DELETE FROM LINEA_FACTURA WHERE NUMERO_FACTURA=96 AND ANY_FACTURA=2010 AND NUMERO_LINEA=1
DELETE FROM LINEA_FACTURA WHERE NUMERO_FACTURA=97 AND ANY_FACTURA=2009 AND NUMERO_LINEA=1
DELETE FROM LINEA_FACTURA WHERE NUMERO_FACTURA=97 AND ANY_FACTURA=2010 AND NUMERO_LINEA=1
DELETE FROM LINEA_FACTURA WHERE NUMERO_FACTURA=97 AND ANY_FACTURA=2010 AND NUMERO_LINEA=2
DELETE FROM LINEA_FACTURA WHERE NUMERO_FACTURA=97 AND ANY_FACTURA=2010 AND NUMERO_LINEA=3
DELETE FROM LINEA_FACTURA WHERE NUMERO_FACTURA=97 AND ANY_FACTURA=2010 AND NUMERO_LINEA=4
DELETE FROM LINEA_FACTURA WHERE NUMERO_FACTURA=98 AND ANY_FACTURA=2009 AND NUMERO_LINEA=1
DELETE FROM LINEA_FACTURA WHERE NUMERO_FACTURA=98 AND ANY_FACTURA=2009 AND NUMERO_LINEA=2
DELETE FROM LINEA_FACTURA WHERE NUMERO_FACTURA=98 AND ANY_FACTURA=2009 AND NUMERO_LINEA=3
DELETE FROM LINEA_FACTURA WHERE NUMERO_FACTURA=98 AND ANY_FACTURA=2009 AND NUMERO_LINEA=4
DELETE FROM LINEA_FACTURA WHERE NUMERO_FACTURA=99 AND ANY_FACTURA=2009 AND NUMERO_LINEA=1
DELETE FROM LINEA_FACTURA WHERE NUMERO_FACTURA=99 AND ANY_FACTURA=2009 AND NUMERO_LINEA=2
DELETE FROM LINEA_FACTURA WHERE NUMERO_FACTURA=99 AND ANY_FACTURA=2009 AND NUMERO_LINEA=3
DELETE FROM LINEA_FACTURA WHERE NUMERO_FACTURA=99 AND ANY_FACTURA=2009 AND NUMERO_LINEA=4
DELETE FROM LINEA_FACTURA WHERE NUMERO_FACTURA=99 AND ANY_FACTURA=2009 AND NUMERO_LINEA=5
DELETE FROM LINEA_FACTURA WHERE NUMERO_FACTURA=99 AND ANY_FACTURA=2009 AND NUMERO_LINEA=6
DELETE FROM LINEA_FACTURA WHERE NUMERO_FACTURA=99 AND ANY_FACTURA=2009 AND NUMERO_LINEA=7
DELETE FROM LINEA_FACTURA WHERE NUMERO_FACTURA=99 AND ANY_FACTURA=2009 AND NUMERO_LINEA=8
DELETE FROM LINEA_FACTURA WHERE NUMERO_FACTURA=99 AND ANY_FACTURA=2009 AND NUMERO_LINEA=9
DELETE FROM LINEA_FACTURA WHERE NUMERO_FACTURA=100 AND ANY_FACTURA=2009 AND NUMERO_LINEA=1
DELETE FROM LINEA_FACTURA WHERE NUMERO_FACTURA=101 AND ANY_FACTURA=2009 AND NUMERO_LINEA=1
DELETE FROM LINEA_FACTURA WHERE NUMERO_FACTURA=102 AND ANY_FACTURA=2009 AND NUMERO_LINEA=1
DELETE FROM LINEA_FACTURA WHERE NUMERO_FACTURA=103 AND ANY_FACTURA=2009 AND NUMERO_LINEA=1
DELETE FROM LINEA_FACTURA WHERE NUMERO_FACTURA=104 AND ANY_FACTURA=2009 AND NUMERO_LINEA=1
DELETE FROM LINEA_FACTURA WHERE NUMERO_FACTURA=105 AND ANY_FACTURA=2009 AND NUMERO_LINEA=1
DELETE FROM LINEA_FACTURA WHERE NUMERO_FACTURA=106 AND ANY_FACTURA=2009 AND NUMERO_LINEA=1
DELETE FROM LINEA_FACTURA WHERE NUMERO_FACTURA=107 AND ANY_FACTURA=2009 AND NUMERO_LINEA=1
DELETE FROM LINEA_FACTURA WHERE NUMERO_FACTURA=108 AND ANY_FACTURA=2009 AND NUMERO_LINEA=1
DELETE FROM LINEA_FACTURA WHERE NUMERO_FACTURA=108 AND ANY_FACTURA=2009 AND NUMERO_LINEA=2
DELETE FROM LINEA_FACTURA WHERE NUMERO_FACTURA=109 AND ANY_FACTURA=2009 AND NUMERO_LINEA=1
DELETE FROM LINEA_FACTURA WHERE NUMERO_FACTURA=109 AND ANY_FACTURA=2009 AND NUMERO_LINEA=2
DELETE FROM LINEA_FACTURA WHERE NUMERO_FACTURA=109 AND ANY_FACTURA=2009 AND NUMERO_LINEA=3
DELETE FROM LINEA_FACTURA WHERE NUMERO_FACTURA=109 AND ANY_FACTURA=2009 AND NUMERO_LINEA=4
DELETE FROM LINEA_FACTURA WHERE NUMERO_FACTURA=109 AND ANY_FACTURA=2009 AND NUMERO_LINEA=5
DELETE FROM LINEA_FACTURA WHERE NUMERO_FACTURA=109 AND ANY_FACTURA=2009 AND NUMERO_LINEA=6
DELETE FROM LINEA_FACTURA WHERE NUMERO_FACTURA=109 AND ANY_FACTURA=2009 AND NUMERO_LINEA=7
DELETE FROM LINEA_FACTURA WHERE NUMERO_FACTURA=109 AND ANY_FACTURA=2009 AND NUMERO_LINEA=8
DELETE FROM LINEA_FACTURA WHERE NUMERO_FACTURA=109 AND ANY_FACTURA=2009 AND NUMERO_LINEA=9
DELETE FROM LINEA_FACTURA WHERE NUMERO_FACTURA=110 AND ANY_FACTURA=2009 AND NUMERO_LINEA=1
DELETE FROM LINEA_FACTURA WHERE NUMERO_FACTURA=111 AND ANY_FACTURA=2009 AND NUMERO_LINEA=1
DELETE FROM LINEA_FACTURA WHERE NUMERO_FACTURA=112 AND ANY_FACTURA=2009 AND NUMERO_LINEA=1
DELETE FROM LINEA_FACTURA WHERE NUMERO_FACTURA=113 AND ANY_FACTURA=2009 AND NUMERO_LINEA=1
DELETE FROM LINEA_FACTURA WHERE NUMERO_FACTURA=114 AND ANY_FACTURA=2009 AND NUMERO_LINEA=1
DELETE FROM LINEA_FACTURA WHERE NUMERO_FACTURA=115 AND ANY_FACTURA=2009 AND NUMERO_LINEA=1
DELETE FROM LINEA_FACTURA WHERE NUMERO_FACTURA=116 AND ANY_FACTURA=2009 AND NUMERO_LINEA=1
DELETE FROM LINEA_FACTURA WHERE NUMERO_FACTURA=117 AND ANY_FACTURA=2009 AND NUMERO_LINEA=1
DELETE FROM LINEA_FACTURA WHERE NUMERO_FACTURA=119 AND ANY_FACTURA=2009 AND NUMERO_LINEA=1
DELETE FROM LINEA_FACTURA WHERE NUMERO_FACTURA=119 AND ANY_FACTURA=2009 AND NUMERO_LINEA=2
DELETE FROM LINEA_FACTURA WHERE NUMERO_FACTURA=119 AND ANY_FACTURA=2009 AND NUMERO_LINEA=3
DELETE FROM LINEA_FACTURA WHERE NUMERO_FACTURA=119 AND ANY_FACTURA=2009 AND NUMERO_LINEA=4
DELETE FROM LINEA_FACTURA WHERE NUMERO_FACTURA=119 AND ANY_FACTURA=2009 AND NUMERO_LINEA=5
COMMIT
DELETE FROM FACTURA WHERE ANYO=2006 AND NUMERO=1
DELETE FROM FACTURA WHERE ANYO=2006 AND NUMERO=2
DELETE FROM FACTURA WHERE ANYO=2006 AND NUMERO=3
DELETE FROM FACTURA WHERE ANYO=2006 AND NUMERO=4
DELETE FROM FACTURA WHERE ANYO=2006 AND NUMERO=5
DELETE FROM FACTURA WHERE ANYO=2006 AND NUMERO=6
DELETE FROM FACTURA WHERE ANYO=2006 AND NUMERO=7
DELETE FROM FACTURA WHERE ANYO=2006 AND NUMERO=8
DELETE FROM FACTURA WHERE ANYO=2006 AND NUMERO=9
DELETE FROM FACTURA WHERE ANYO=2006 AND NUMERO=10
DELETE FROM FACTURA WHERE ANYO=2006 AND NUMERO=11
DELETE FROM FACTURA WHERE ANYO=2006 AND NUMERO=12
DELETE FROM FACTURA WHERE ANYO=2006 AND NUMERO=13
DELETE FROM FACTURA WHERE ANYO=2006 AND NUMERO=14
DELETE FROM FACTURA WHERE ANYO=2006 AND NUMERO=15
DELETE FROM FACTURA WHERE ANYO=2007 AND NUMERO=1
DELETE FROM FACTURA WHERE ANYO=2007 AND NUMERO=2
DELETE FROM FACTURA WHERE ANYO=2007 AND NUMERO=3
DELETE FROM FACTURA WHERE ANYO=2007 AND NUMERO=4
DELETE FROM FACTURA WHERE ANYO=2007 AND NUMERO=5
DELETE FROM FACTURA WHERE ANYO=2007 AND NUMERO=6
DELETE FROM FACTURA WHERE ANYO=2007 AND NUMERO=7
DELETE FROM FACTURA WHERE ANYO=2007 AND NUMERO=8
DELETE FROM FACTURA WHERE ANYO=2007 AND NUMERO=9
DELETE FROM FACTURA WHERE ANYO=2007 AND NUMERO=10
DELETE FROM FACTURA WHERE ANYO=2007 AND NUMERO=11
DELETE FROM FACTURA WHERE ANYO=2007 AND NUMERO=12
DELETE FROM FACTURA WHERE ANYO=2007 AND NUMERO=13
DELETE FROM FACTURA WHERE ANYO=2007 AND NUMERO=14
DELETE FROM FACTURA WHERE ANYO=2007 AND NUMERO=15
DELETE FROM FACTURA WHERE ANYO=2007 AND NUMERO=16
DELETE FROM FACTURA WHERE ANYO=2007 AND NUMERO=17
DELETE FROM FACTURA WHERE ANYO=2007 AND NUMERO=18
DELETE FROM FACTURA WHERE ANYO=2007 AND NUMERO=19
DELETE FROM FACTURA WHERE ANYO=2007 AND NUMERO=20
DELETE FROM FACTURA WHERE ANYO=2007 AND NUMERO=21
DELETE FROM FACTURA WHERE ANYO=2007 AND NUMERO=22
DELETE FROM FACTURA WHERE ANYO=2007 AND NUMERO=23
DELETE FROM FACTURA WHERE ANYO=2007 AND NUMERO=24
DELETE FROM FACTURA WHERE ANYO=2008 AND NUMERO=1
DELETE FROM FACTURA WHERE ANYO=2008 AND NUMERO=2
DELETE FROM FACTURA WHERE ANYO=2008 AND NUMERO=3
DELETE FROM FACTURA WHERE ANYO=2008 AND NUMERO=4
DELETE FROM FACTURA WHERE ANYO=2008 AND NUMERO=5
DELETE FROM FACTURA WHERE ANYO=2008 AND NUMERO=6
DELETE FROM FACTURA WHERE ANYO=2008 AND NUMERO=7
DELETE FROM FACTURA WHERE ANYO=2008 AND NUMERO=8
DELETE FROM FACTURA WHERE ANYO=2008 AND NUMERO=9
DELETE FROM FACTURA WHERE ANYO=2008 AND NUMERO=10
DELETE FROM FACTURA WHERE ANYO=2008 AND NUMERO=11
DELETE FROM FACTURA WHERE ANYO=2008 AND NUMERO=12
DELETE FROM FACTURA WHERE ANYO=2008 AND NUMERO=13
DELETE FROM FACTURA WHERE ANYO=2008 AND NUMERO=14
DELETE FROM FACTURA WHERE ANYO=2008 AND NUMERO=15
DELETE FROM FACTURA WHERE ANYO=2008 AND NUMERO=16
DELETE FROM FACTURA WHERE ANYO=2008 AND NUMERO=17
DELETE FROM FACTURA WHERE ANYO=2008 AND NUMERO=18
DELETE FROM FACTURA WHERE ANYO=2008 AND NUMERO=19
DELETE FROM FACTURA WHERE ANYO=2008 AND NUMERO=20
DELETE FROM FACTURA WHERE ANYO=2008 AND NUMERO=21
DELETE FROM FACTURA WHERE ANYO=2008 AND NUMERO=22
DELETE FROM FACTURA WHERE ANYO=2008 AND NUMERO=23
DELETE FROM FACTURA WHERE ANYO=2008 AND NUMERO=24
DELETE FROM FACTURA WHERE ANYO=2008 AND NUMERO=25
DELETE FROM FACTURA WHERE ANYO=2008 AND NUMERO=26
DELETE FROM FACTURA WHERE ANYO=2008 AND NUMERO=27
DELETE FROM FACTURA WHERE ANYO=2008 AND NUMERO=28
DELETE FROM FACTURA WHERE ANYO=2008 AND NUMERO=29
DELETE FROM FACTURA WHERE ANYO=2008 AND NUMERO=30
DELETE FROM FACTURA WHERE ANYO=2008 AND NUMERO=31
DELETE FROM FACTURA WHERE ANYO=2008 AND NUMERO=32
DELETE FROM FACTURA WHERE ANYO=2008 AND NUMERO=33
DELETE FROM FACTURA WHERE ANYO=2008 AND NUMERO=34
DELETE FROM FACTURA WHERE ANYO=2008 AND NUMERO=35
DELETE FROM FACTURA WHERE ANYO=2008 AND NUMERO=36
DELETE FROM FACTURA WHERE ANYO=2008 AND NUMERO=37
DELETE FROM FACTURA WHERE ANYO=2008 AND NUMERO=38
DELETE FROM FACTURA WHERE ANYO=2008 AND NUMERO=39
DELETE FROM FACTURA WHERE ANYO=2008 AND NUMERO=40
DELETE FROM FACTURA WHERE ANYO=2008 AND NUMERO=41
DELETE FROM FACTURA WHERE ANYO=2008 AND NUMERO=42
DELETE FROM FACTURA WHERE ANYO=2008 AND NUMERO=43
DELETE FROM FACTURA WHERE ANYO=2008 AND NUMERO=44
DELETE FROM FACTURA WHERE ANYO=2008 AND NUMERO=45
DELETE FROM FACTURA WHERE ANYO=2008 AND NUMERO=46
DELETE FROM FACTURA WHERE ANYO=2008 AND NUMERO=47
DELETE FROM FACTURA WHERE ANYO=2008 AND NUMERO=48
DELETE FROM FACTURA WHERE ANYO=2008 AND NUMERO=49
DELETE FROM FACTURA WHERE ANYO=2008 AND NUMERO=50
DELETE FROM FACTURA WHERE ANYO=2008 AND NUMERO=51
DELETE FROM FACTURA WHERE ANYO=2008 AND NUMERO=52
DELETE FROM FACTURA WHERE ANYO=2008 AND NUMERO=53
DELETE FROM FACTURA WHERE ANYO=2008 AND NUMERO=54
DELETE FROM FACTURA WHERE ANYO=2008 AND NUMERO=55
DELETE FROM FACTURA WHERE ANYO=2008 AND NUMERO=56
DELETE FROM FACTURA WHERE ANYO=2008 AND NUMERO=57
DELETE FROM FACTURA WHERE ANYO=2008 AND NUMERO=58
DELETE FROM FACTURA WHERE ANYO=2008 AND NUMERO=59
DELETE FROM FACTURA WHERE ANYO=2008 AND NUMERO=60
DELETE FROM FACTURA WHERE ANYO=2008 AND NUMERO=61
DELETE FROM FACTURA WHERE ANYO=2008 AND NUMERO=62
DELETE FROM FACTURA WHERE ANYO=2008 AND NUMERO=63
DELETE FROM FACTURA WHERE ANYO=2008 AND NUMERO=64
DELETE FROM FACTURA WHERE ANYO=2008 AND NUMERO=65
DELETE FROM FACTURA WHERE ANYO=2008 AND NUMERO=66
DELETE FROM FACTURA WHERE ANYO=2008 AND NUMERO=67
DELETE FROM FACTURA WHERE ANYO=2008 AND NUMERO=68
DELETE FROM FACTURA WHERE ANYO=2008 AND NUMERO=69
DELETE FROM FACTURA WHERE ANYO=2008 AND NUMERO=70
DELETE FROM FACTURA WHERE ANYO=2008 AND NUMERO=71
DELETE FROM FACTURA WHERE ANYO=2008 AND NUMERO=72
DELETE FROM FACTURA WHERE ANYO=2008 AND NUMERO=73
DELETE FROM FACTURA WHERE ANYO=2008 AND NUMERO=74
DELETE FROM FACTURA WHERE ANYO=2008 AND NUMERO=75
DELETE FROM FACTURA WHERE ANYO=2008 AND NUMERO=76
DELETE FROM FACTURA WHERE ANYO=2008 AND NUMERO=77
DELETE FROM FACTURA WHERE ANYO=2008 AND NUMERO=78
DELETE FROM FACTURA WHERE ANYO=2008 AND NUMERO=79
DELETE FROM FACTURA WHERE ANYO=2008 AND NUMERO=80
DELETE FROM FACTURA WHERE ANYO=2008 AND NUMERO=81
DELETE FROM FACTURA WHERE ANYO=2008 AND NUMERO=82
DELETE FROM FACTURA WHERE ANYO=2008 AND NUMERO=83
DELETE FROM FACTURA WHERE ANYO=2008 AND NUMERO=84
DELETE FROM FACTURA WHERE ANYO=2008 AND NUMERO=85
DELETE FROM FACTURA WHERE ANYO=2008 AND NUMERO=86
DELETE FROM FACTURA WHERE ANYO=2008 AND NUMERO=87
DELETE FROM FACTURA WHERE ANYO=2008 AND NUMERO=88
DELETE FROM FACTURA WHERE ANYO=2008 AND NUMERO=89
DELETE FROM FACTURA WHERE ANYO=2008 AND NUMERO=90
DELETE FROM FACTURA WHERE ANYO=2008 AND NUMERO=91
DELETE FROM FACTURA WHERE ANYO=2008 AND NUMERO=92
DELETE FROM FACTURA WHERE ANYO=2009 AND NUMERO=1
DELETE FROM FACTURA WHERE ANYO=2009 AND NUMERO=2
DELETE FROM FACTURA WHERE ANYO=2009 AND NUMERO=3
DELETE FROM FACTURA WHERE ANYO=2009 AND NUMERO=4
DELETE FROM FACTURA WHERE ANYO=2009 AND NUMERO=5
DELETE FROM FACTURA WHERE ANYO=2009 AND NUMERO=6
DELETE FROM FACTURA WHERE ANYO=2009 AND NUMERO=7
DELETE FROM FACTURA WHERE ANYO=2009 AND NUMERO=8
DELETE FROM FACTURA WHERE ANYO=2009 AND NUMERO=9
DELETE FROM FACTURA WHERE ANYO=2009 AND NUMERO=10
DELETE FROM FACTURA WHERE ANYO=2009 AND NUMERO=11
DELETE FROM FACTURA WHERE ANYO=2009 AND NUMERO=12
DELETE FROM FACTURA WHERE ANYO=2009 AND NUMERO=13
DELETE FROM FACTURA WHERE ANYO=2009 AND NUMERO=14
DELETE FROM FACTURA WHERE ANYO=2009 AND NUMERO=15
DELETE FROM FACTURA WHERE ANYO=2009 AND NUMERO=16
DELETE FROM FACTURA WHERE ANYO=2009 AND NUMERO=17
DELETE FROM FACTURA WHERE ANYO=2009 AND NUMERO=18
DELETE FROM FACTURA WHERE ANYO=2009 AND NUMERO=19
DELETE FROM FACTURA WHERE ANYO=2009 AND NUMERO=20
DELETE FROM FACTURA WHERE ANYO=2009 AND NUMERO=21
DELETE FROM FACTURA WHERE ANYO=2009 AND NUMERO=22
DELETE FROM FACTURA WHERE ANYO=2009 AND NUMERO=23
DELETE FROM FACTURA WHERE ANYO=2009 AND NUMERO=24
DELETE FROM FACTURA WHERE ANYO=2009 AND NUMERO=25
DELETE FROM FACTURA WHERE ANYO=2009 AND NUMERO=26
DELETE FROM FACTURA WHERE ANYO=2009 AND NUMERO=27
DELETE FROM FACTURA WHERE ANYO=2009 AND NUMERO=28
DELETE FROM FACTURA WHERE ANYO=2009 AND NUMERO=29
DELETE FROM FACTURA WHERE ANYO=2009 AND NUMERO=30
DELETE FROM FACTURA WHERE ANYO=2009 AND NUMERO=31
DELETE FROM FACTURA WHERE ANYO=2009 AND NUMERO=32
DELETE FROM FACTURA WHERE ANYO=2009 AND NUMERO=33
DELETE FROM FACTURA WHERE ANYO=2009 AND NUMERO=34
DELETE FROM FACTURA WHERE ANYO=2009 AND NUMERO=35
DELETE FROM FACTURA WHERE ANYO=2009 AND NUMERO=36
DELETE FROM FACTURA WHERE ANYO=2009 AND NUMERO=37
DELETE FROM FACTURA WHERE ANYO=2009 AND NUMERO=38
DELETE FROM FACTURA WHERE ANYO=2009 AND NUMERO=39
DELETE FROM FACTURA WHERE ANYO=2009 AND NUMERO=40
DELETE FROM FACTURA WHERE ANYO=2009 AND NUMERO=41
DELETE FROM FACTURA WHERE ANYO=2009 AND NUMERO=42
DELETE FROM FACTURA WHERE ANYO=2009 AND NUMERO=43
DELETE FROM FACTURA WHERE ANYO=2009 AND NUMERO=44
DELETE FROM FACTURA WHERE ANYO=2009 AND NUMERO=45
DELETE FROM FACTURA WHERE ANYO=2009 AND NUMERO=46
DELETE FROM FACTURA WHERE ANYO=2009 AND NUMERO=47
DELETE FROM FACTURA WHERE ANYO=2009 AND NUMERO=48
DELETE FROM FACTURA WHERE ANYO=2009 AND NUMERO=49
DELETE FROM FACTURA WHERE ANYO=2009 AND NUMERO=50
DELETE FROM FACTURA WHERE ANYO=2009 AND NUMERO=51
DELETE FROM FACTURA WHERE ANYO=2009 AND NUMERO=52
DELETE FROM FACTURA WHERE ANYO=2009 AND NUMERO=53
DELETE FROM FACTURA WHERE ANYO=2009 AND NUMERO=54
DELETE FROM FACTURA WHERE ANYO=2009 AND NUMERO=55
DELETE FROM FACTURA WHERE ANYO=2009 AND NUMERO=56
DELETE FROM FACTURA WHERE ANYO=2009 AND NUMERO=57
DELETE FROM FACTURA WHERE ANYO=2009 AND NUMERO=58
DELETE FROM FACTURA WHERE ANYO=2009 AND NUMERO=59
DELETE FROM FACTURA WHERE ANYO=2009 AND NUMERO=60
DELETE FROM FACTURA WHERE ANYO=2009 AND NUMERO=61
DELETE FROM FACTURA WHERE ANYO=2009 AND NUMERO=62
DELETE FROM FACTURA WHERE ANYO=2009 AND NUMERO=63
DELETE FROM FACTURA WHERE ANYO=2009 AND NUMERO=64
DELETE FROM FACTURA WHERE ANYO=2009 AND NUMERO=65
DELETE FROM FACTURA WHERE ANYO=2009 AND NUMERO=66
DELETE FROM FACTURA WHERE ANYO=2009 AND NUMERO=67
DELETE FROM FACTURA WHERE ANYO=2009 AND NUMERO=68
DELETE FROM FACTURA WHERE ANYO=2009 AND NUMERO=69
DELETE FROM FACTURA WHERE ANYO=2009 AND NUMERO=70
DELETE FROM FACTURA WHERE ANYO=2009 AND NUMERO=71
DELETE FROM FACTURA WHERE ANYO=2009 AND NUMERO=72
DELETE FROM FACTURA WHERE ANYO=2009 AND NUMERO=73
DELETE FROM FACTURA WHERE ANYO=2009 AND NUMERO=74
DELETE FROM FACTURA WHERE ANYO=2009 AND NUMERO=75
DELETE FROM FACTURA WHERE ANYO=2009 AND NUMERO=76
DELETE FROM FACTURA WHERE ANYO=2009 AND NUMERO=77
DELETE FROM FACTURA WHERE ANYO=2009 AND NUMERO=78
DELETE FROM FACTURA WHERE ANYO=2009 AND NUMERO=79
DELETE FROM FACTURA WHERE ANYO=2009 AND NUMERO=80
DELETE FROM FACTURA WHERE ANYO=2009 AND NUMERO=81
DELETE FROM FACTURA WHERE ANYO=2009 AND NUMERO=82
DELETE FROM FACTURA WHERE ANYO=2009 AND NUMERO=83
DELETE FROM FACTURA WHERE ANYO=2009 AND NUMERO=84
DELETE FROM FACTURA WHERE ANYO=2009 AND NUMERO=85
DELETE FROM FACTURA WHERE ANYO=2009 AND NUMERO=86
DELETE FROM FACTURA WHERE ANYO=2009 AND NUMERO=87
DELETE FROM FACTURA WHERE ANYO=2009 AND NUMERO=88
DELETE FROM FACTURA WHERE ANYO=2009 AND NUMERO=89
DELETE FROM FACTURA WHERE ANYO=2009 AND NUMERO=90
DELETE FROM FACTURA WHERE ANYO=2009 AND NUMERO=91
DELETE FROM FACTURA WHERE ANYO=2009 AND NUMERO=92
DELETE FROM FACTURA WHERE ANYO=2009 AND NUMERO=93
DELETE FROM FACTURA WHERE ANYO=2009 AND NUMERO=94
DELETE FROM FACTURA WHERE ANYO=2009 AND NUMERO=95
DELETE FROM FACTURA WHERE ANYO=2009 AND NUMERO=96
DELETE FROM FACTURA WHERE ANYO=2009 AND NUMERO=97
DELETE FROM FACTURA WHERE ANYO=2009 AND NUMERO=98
DELETE FROM FACTURA WHERE ANYO=2009 AND NUMERO=99
DELETE FROM FACTURA WHERE ANYO=2009 AND NUMERO=100
DELETE FROM FACTURA WHERE ANYO=2009 AND NUMERO=101
DELETE FROM FACTURA WHERE ANYO=2009 AND NUMERO=102
DELETE FROM FACTURA WHERE ANYO=2009 AND NUMERO=103
DELETE FROM FACTURA WHERE ANYO=2009 AND NUMERO=104
DELETE FROM FACTURA WHERE ANYO=2009 AND NUMERO=105
DELETE FROM FACTURA WHERE ANYO=2009 AND NUMERO=106
DELETE FROM FACTURA WHERE ANYO=2009 AND NUMERO=107
DELETE FROM FACTURA WHERE ANYO=2009 AND NUMERO=108
DELETE FROM FACTURA WHERE ANYO=2009 AND NUMERO=109
DELETE FROM FACTURA WHERE ANYO=2009 AND NUMERO=110
DELETE FROM FACTURA WHERE ANYO=2009 AND NUMERO=111
DELETE FROM FACTURA WHERE ANYO=2009 AND NUMERO=112
DELETE FROM FACTURA WHERE ANYO=2009 AND NUMERO=113
DELETE FROM FACTURA WHERE ANYO=2009 AND NUMERO=114
DELETE FROM FACTURA WHERE ANYO=2009 AND NUMERO=115
DELETE FROM FACTURA WHERE ANYO=2009 AND NUMERO=116
DELETE FROM FACTURA WHERE ANYO=2009 AND NUMERO=117
DELETE FROM FACTURA WHERE ANYO=2009 AND NUMERO=118
DELETE FROM FACTURA WHERE ANYO=2009 AND NUMERO=119
DELETE FROM FACTURA WHERE ANYO=2010 AND NUMERO=1
DELETE FROM FACTURA WHERE ANYO=2010 AND NUMERO=2
DELETE FROM FACTURA WHERE ANYO=2010 AND NUMERO=3
DELETE FROM FACTURA WHERE ANYO=2010 AND NUMERO=4
DELETE FROM FACTURA WHERE ANYO=2010 AND NUMERO=5
DELETE FROM FACTURA WHERE ANYO=2010 AND NUMERO=6
DELETE FROM FACTURA WHERE ANYO=2010 AND NUMERO=7
DELETE FROM FACTURA WHERE ANYO=2010 AND NUMERO=8
DELETE FROM FACTURA WHERE ANYO=2010 AND NUMERO=9
DELETE FROM FACTURA WHERE ANYO=2010 AND NUMERO=10
DELETE FROM FACTURA WHERE ANYO=2010 AND NUMERO=11
DELETE FROM FACTURA WHERE ANYO=2010 AND NUMERO=12
DELETE FROM FACTURA WHERE ANYO=2010 AND NUMERO=13
DELETE FROM FACTURA WHERE ANYO=2010 AND NUMERO=14
DELETE FROM FACTURA WHERE ANYO=2010 AND NUMERO=15
DELETE FROM FACTURA WHERE ANYO=2010 AND NUMERO=16
DELETE FROM FACTURA WHERE ANYO=2010 AND NUMERO=17
DELETE FROM FACTURA WHERE ANYO=2010 AND NUMERO=18
DELETE FROM FACTURA WHERE ANYO=2010 AND NUMERO=19
DELETE FROM FACTURA WHERE ANYO=2010 AND NUMERO=20
DELETE FROM FACTURA WHERE ANYO=2010 AND NUMERO=21
DELETE FROM FACTURA WHERE ANYO=2010 AND NUMERO=22
DELETE FROM FACTURA WHERE ANYO=2010 AND NUMERO=23
DELETE FROM FACTURA WHERE ANYO=2010 AND NUMERO=24
DELETE FROM FACTURA WHERE ANYO=2010 AND NUMERO=25
DELETE FROM FACTURA WHERE ANYO=2010 AND NUMERO=26
DELETE FROM FACTURA WHERE ANYO=2010 AND NUMERO=27
DELETE FROM FACTURA WHERE ANYO=2010 AND NUMERO=28
DELETE FROM FACTURA WHERE ANYO=2010 AND NUMERO=29
DELETE FROM FACTURA WHERE ANYO=2010 AND NUMERO=30
DELETE FROM FACTURA WHERE ANYO=2010 AND NUMERO=31
DELETE FROM FACTURA WHERE ANYO=2010 AND NUMERO=32
DELETE FROM FACTURA WHERE ANYO=2010 AND NUMERO=33
DELETE FROM FACTURA WHERE ANYO=2010 AND NUMERO=34
DELETE FROM FACTURA WHERE ANYO=2010 AND NUMERO=35
DELETE FROM FACTURA WHERE ANYO=2010 AND NUMERO=36
DELETE FROM FACTURA WHERE ANYO=2010 AND NUMERO=37
DELETE FROM FACTURA WHERE ANYO=2010 AND NUMERO=38
DELETE FROM FACTURA WHERE ANYO=2010 AND NUMERO=39
DELETE FROM FACTURA WHERE ANYO=2010 AND NUMERO=40
DELETE FROM FACTURA WHERE ANYO=2010 AND NUMERO=41
DELETE FROM FACTURA WHERE ANYO=2010 AND NUMERO=42
DELETE FROM FACTURA WHERE ANYO=2010 AND NUMERO=43
DELETE FROM FACTURA WHERE ANYO=2010 AND NUMERO=44
DELETE FROM FACTURA WHERE ANYO=2010 AND NUMERO=45
DELETE FROM FACTURA WHERE ANYO=2010 AND NUMERO=46
DELETE FROM FACTURA WHERE ANYO=2010 AND NUMERO=47
DELETE FROM FACTURA WHERE ANYO=2010 AND NUMERO=48
DELETE FROM FACTURA WHERE ANYO=2010 AND NUMERO=49
DELETE FROM FACTURA WHERE ANYO=2010 AND NUMERO=50
DELETE FROM FACTURA WHERE ANYO=2010 AND NUMERO=51
DELETE FROM FACTURA WHERE ANYO=2010 AND NUMERO=52
DELETE FROM FACTURA WHERE ANYO=2010 AND NUMERO=53
DELETE FROM FACTURA WHERE ANYO=2010 AND NUMERO=54
DELETE FROM FACTURA WHERE ANYO=2010 AND NUMERO=55
DELETE FROM FACTURA WHERE ANYO=2010 AND NUMERO=56
DELETE FROM FACTURA WHERE ANYO=2010 AND NUMERO=57
DELETE FROM FACTURA WHERE ANYO=2010 AND NUMERO=58
DELETE FROM FACTURA WHERE ANYO=2010 AND NUMERO=59
DELETE FROM FACTURA WHERE ANYO=2010 AND NUMERO=60
DELETE FROM FACTURA WHERE ANYO=2010 AND NUMERO=61
DELETE FROM FACTURA WHERE ANYO=2010 AND NUMERO=62
DELETE FROM FACTURA WHERE ANYO=2010 AND NUMERO=63
DELETE FROM FACTURA WHERE ANYO=2010 AND NUMERO=64
DELETE FROM FACTURA WHERE ANYO=2010 AND NUMERO=65
DELETE FROM FACTURA WHERE ANYO=2010 AND NUMERO=66
DELETE FROM FACTURA WHERE ANYO=2010 AND NUMERO=67
DELETE FROM FACTURA WHERE ANYO=2010 AND NUMERO=68
DELETE FROM FACTURA WHERE ANYO=2010 AND NUMERO=69
DELETE FROM FACTURA WHERE ANYO=2010 AND NUMERO=70
DELETE FROM FACTURA WHERE ANYO=2010 AND NUMERO=71
DELETE FROM FACTURA WHERE ANYO=2010 AND NUMERO=72
DELETE FROM FACTURA WHERE ANYO=2010 AND NUMERO=73
DELETE FROM FACTURA WHERE ANYO=2010 AND NUMERO=74
DELETE FROM FACTURA WHERE ANYO=2010 AND NUMERO=75
DELETE FROM FACTURA WHERE ANYO=2010 AND NUMERO=76
DELETE FROM FACTURA WHERE ANYO=2010 AND NUMERO=77
DELETE FROM FACTURA WHERE ANYO=2010 AND NUMERO=78
DELETE FROM FACTURA WHERE ANYO=2010 AND NUMERO=79
DELETE FROM FACTURA WHERE ANYO=2010 AND NUMERO=80
DELETE FROM FACTURA WHERE ANYO=2010 AND NUMERO=81
DELETE FROM FACTURA WHERE ANYO=2010 AND NUMERO=82
DELETE FROM FACTURA WHERE ANYO=2010 AND NUMERO=83
DELETE FROM FACTURA WHERE ANYO=2010 AND NUMERO=84
DELETE FROM FACTURA WHERE ANYO=2010 AND NUMERO=85
DELETE FROM FACTURA WHERE ANYO=2010 AND NUMERO=86
DELETE FROM FACTURA WHERE ANYO=2010 AND NUMERO=87
DELETE FROM FACTURA WHERE ANYO=2010 AND NUMERO=88
DELETE FROM FACTURA WHERE ANYO=2010 AND NUMERO=89
DELETE FROM FACTURA WHERE ANYO=2010 AND NUMERO=90
DELETE FROM FACTURA WHERE ANYO=2010 AND NUMERO=91
DELETE FROM FACTURA WHERE ANYO=2010 AND NUMERO=92
DELETE FROM FACTURA WHERE ANYO=2010 AND NUMERO=93
DELETE FROM FACTURA WHERE ANYO=2010 AND NUMERO=94
DELETE FROM FACTURA WHERE ANYO=2010 AND NUMERO=95
DELETE FROM FACTURA WHERE ANYO=2010 AND NUMERO=96
DELETE FROM FACTURA WHERE ANYO=2010 AND NUMERO=97
COMMIT
DELETE FROM CLIENTES WHERE IDENTIFICADOR=19
DELETE FROM CLIENTES WHERE IDENTIFICADOR=20
DELETE FROM CLIENTES WHERE IDENTIFICADOR=21
DELETE FROM CLIENTES WHERE IDENTIFICADOR=22
DELETE FROM CLIENTES WHERE IDENTIFICADOR=23
DELETE FROM CLIENTES WHERE IDENTIFICADOR=24
DELETE FROM CLIENTES WHERE IDENTIFICADOR=25
DELETE FROM CLIENTES WHERE IDENTIFICADOR=26
DELETE FROM CLIENTES WHERE IDENTIFICADOR=27
DELETE FROM CLIENTES WHERE IDENTIFICADOR=28
DELETE FROM CLIENTES WHERE IDENTIFICADOR=29
DELETE FROM CLIENTES WHERE IDENTIFICADOR=30
DELETE FROM CLIENTES WHERE IDENTIFICADOR=31
DELETE FROM CLIENTES WHERE IDENTIFICADOR=32
DELETE FROM CLIENTES WHERE IDENTIFICADOR=34
DELETE FROM CLIENTES WHERE IDENTIFICADOR=35
DELETE FROM CLIENTES WHERE IDENTIFICADOR=37
DELETE FROM CLIENTES WHERE IDENTIFICADOR=38
DELETE FROM CLIENTES WHERE IDENTIFICADOR=39
DELETE FROM CLIENTES WHERE IDENTIFICADOR=40
DELETE FROM CLIENTES WHERE IDENTIFICADOR=41
DELETE FROM CLIENTES WHERE IDENTIFICADOR=42
DELETE FROM CLIENTES WHERE IDENTIFICADOR=43
DELETE FROM CLIENTES WHERE IDENTIFICADOR=44
DELETE FROM CLIENTES WHERE IDENTIFICADOR=45
DELETE FROM CLIENTES WHERE IDENTIFICADOR=46
DELETE FROM CLIENTES WHERE IDENTIFICADOR=47
DELETE FROM CLIENTES WHERE IDENTIFICADOR=48
DELETE FROM CLIENTES WHERE IDENTIFICADOR=49
DELETE FROM CLIENTES WHERE IDENTIFICADOR=50
DELETE FROM CLIENTES WHERE IDENTIFICADOR=51
DELETE FROM CLIENTES WHERE IDENTIFICADOR=52
DELETE FROM CLIENTES WHERE IDENTIFICADOR=53
DELETE FROM CLIENTES WHERE IDENTIFICADOR=54
DELETE FROM CLIENTES WHERE IDENTIFICADOR=55
DELETE FROM CLIENTES WHERE IDENTIFICADOR=56
DELETE FROM CLIENTES WHERE IDENTIFICADOR=57
DELETE FROM CLIENTES WHERE IDENTIFICADOR=58
DELETE FROM CLIENTES WHERE IDENTIFICADOR=59
COMMIT
